090323 18:44:07  ERROR - Exception on pump web API call, possible timeout
090323 18:44:17  ERROR - Exception on pump web API call, possible timeout
090323 18:44:17  ERROR - Could not open USB port with pH probe
090323 18:44:17  ERROR - Could not open USB port with pH probe
090323 18:44:17  ERROR - TDS fault
090323 18:44:17  Possible disconnected soil sensor: 0
090323 18:44:17  Possible disconnected soil sensor: 1
090323 18:44:17  Possible disconnected soil sensor: 2
090323 18:44:17  Possible disconnected soil sensor: 3
090323 18:44:17  Possible disconnected soil sensor: 4
090323 18:44:17  ERROR - Exception on sensor web API call, possible timeout
090323 18:44:20  ERROR - Could not open USB port with pH probe
090323 18:44:20  ERROR - Could not open USB port with pH probe
090323 18:44:20  ERROR - TDS fault
090323 18:44:20  Possible disconnected soil sensor: 0
090323 18:44:20  Possible disconnected soil sensor: 1
090323 18:44:20  Possible disconnected soil sensor: 2
090323 18:44:20  Possible disconnected soil sensor: 3
090323 18:44:20  Possible disconnected soil sensor: 4
090323 18:44:23  ERROR - Could not open USB port with pH probe
090323 18:44:23  ERROR - Could not open USB port with pH probe
090323 18:44:24  ERROR - TDS fault
090323 18:44:24  Possible disconnected soil sensor: 0
090323 18:44:24  Possible disconnected soil sensor: 1
090323 18:44:24  Possible disconnected soil sensor: 2
090323 18:44:24  Possible disconnected soil sensor: 3
090323 18:44:24  Possible disconnected soil sensor: 4
090323 18:44:27  ERROR - Could not open USB port with pH probe
090323 18:44:27  ERROR - Could not open USB port with pH probe
090323 18:44:27  ERROR - TDS fault
090323 18:44:27  Possible disconnected soil sensor: 0
090323 18:44:27  Possible disconnected soil sensor: 1
090323 18:44:27  Possible disconnected soil sensor: 2
090323 18:44:27  Possible disconnected soil sensor: 3
090323 18:44:27  Possible disconnected soil sensor: 4
090323 18:44:30  ERROR - Could not open USB port with pH probe
090323 18:44:30  ERROR - Could not open USB port with pH probe
090323 18:44:31  ERROR - TDS fault
090323 18:44:31  Possible disconnected soil sensor: 0
090323 18:44:31  Possible disconnected soil sensor: 1
090323 18:44:31  Possible disconnected soil sensor: 2
090323 18:44:31  Possible disconnected soil sensor: 3
090323 18:44:31  Possible disconnected soil sensor: 4
090323 18:44:34  ERROR - Could not open USB port with pH probe
090323 18:44:34  ERROR - Could not open USB port with pH probe
090323 18:44:34  ERROR - TDS fault
090323 18:44:34  Possible disconnected soil sensor: 0
090323 18:44:34  Possible disconnected soil sensor: 1
090323 18:44:34  Possible disconnected soil sensor: 2
090323 18:44:34  Possible disconnected soil sensor: 3
090323 18:44:34  Possible disconnected soil sensor: 4
090323 18:44:37  ERROR - Could not open USB port with pH probe
090323 18:44:37  ERROR - Could not open USB port with pH probe
090323 18:44:38  ERROR - TDS fault
090323 18:44:38  Possible disconnected soil sensor: 0
090323 18:44:38  Possible disconnected soil sensor: 1
090323 18:44:38  Possible disconnected soil sensor: 2
090323 18:44:38  Possible disconnected soil sensor: 3
090323 18:44:38  Possible disconnected soil sensor: 4
090323 18:44:41  ERROR - Could not open USB port with pH probe
090323 18:44:41  ERROR - Could not open USB port with pH probe
090323 18:44:41  ERROR - TDS fault
090323 18:44:41  Possible disconnected soil sensor: 0
090323 18:44:41  Possible disconnected soil sensor: 1
090323 18:44:41  Possible disconnected soil sensor: 2
090323 18:44:41  Possible disconnected soil sensor: 3
090323 18:44:41  Possible disconnected soil sensor: 4
090323 18:44:44  ERROR - Could not open USB port with pH probe
090323 18:44:44  ERROR - Could not open USB port with pH probe
090323 18:44:44  ERROR - TDS fault
090323 18:44:44  Possible disconnected soil sensor: 0
090323 18:44:44  Possible disconnected soil sensor: 1
090323 18:44:44  Possible disconnected soil sensor: 2
090323 18:44:44  Possible disconnected soil sensor: 3
090323 18:44:44  Possible disconnected soil sensor: 4
090323 18:44:47  ERROR - Could not open USB port with pH probe
090323 18:44:47  ERROR - Could not open USB port with pH probe
090323 18:44:48  ERROR - TDS fault
090323 18:44:48  Possible disconnected soil sensor: 0
090323 18:44:48  Possible disconnected soil sensor: 1
090323 18:44:48  Possible disconnected soil sensor: 2
090323 18:44:48  Possible disconnected soil sensor: 3
090323 18:44:48  Possible disconnected soil sensor: 4
090323 18:44:51  ERROR - Could not open USB port with pH probe
090323 18:44:51  ERROR - Could not open USB port with pH probe
090323 18:44:51  ERROR - TDS fault
090323 18:44:51  Possible disconnected soil sensor: 0
090323 18:44:51  Possible disconnected soil sensor: 1
090323 18:44:51  Possible disconnected soil sensor: 2
090323 18:44:51  Possible disconnected soil sensor: 3
090323 18:44:51  Possible disconnected soil sensor: 4
090323 18:44:54  ERROR - Could not open USB port with pH probe
090323 18:44:54  ERROR - Could not open USB port with pH probe
090323 18:44:55  ERROR - TDS fault
090323 18:44:55  Possible disconnected soil sensor: 0
090323 18:44:55  Possible disconnected soil sensor: 1
090323 18:44:55  Possible disconnected soil sensor: 2
090323 18:44:55  Possible disconnected soil sensor: 3
090323 18:44:55  Possible disconnected soil sensor: 4
090323 18:44:58  ERROR - Could not open USB port with pH probe
090323 18:44:58  ERROR - Could not open USB port with pH probe
090323 18:44:58  ERROR - TDS fault
090323 18:44:58  Possible disconnected soil sensor: 0
090323 18:44:58  Possible disconnected soil sensor: 1
090323 18:44:58  Possible disconnected soil sensor: 2
090323 18:44:58  Possible disconnected soil sensor: 3
090323 18:44:58  Possible disconnected soil sensor: 4
090323 18:45:01  ERROR - Could not open USB port with pH probe
090323 18:45:01  ERROR - Could not open USB port with pH probe
090323 18:45:01  ERROR - TDS fault
090323 18:45:01  Possible disconnected soil sensor: 0
090323 18:45:01  Possible disconnected soil sensor: 1
090323 18:45:01  Possible disconnected soil sensor: 2
090323 18:45:01  Possible disconnected soil sensor: 3
090323 18:45:01  Possible disconnected soil sensor: 4
090323 18:45:04  ERROR - Could not open USB port with pH probe
090323 18:45:04  ERROR - Could not open USB port with pH probe
090323 18:45:05  ERROR - TDS fault
090323 18:45:05  Possible disconnected soil sensor: 0
090323 18:45:05  Possible disconnected soil sensor: 1
090323 18:45:05  Possible disconnected soil sensor: 2
090323 18:45:05  Possible disconnected soil sensor: 3
090323 18:45:05  Possible disconnected soil sensor: 4
090323 18:45:08  ERROR - Could not open USB port with pH probe
090323 18:45:08  ERROR - Could not open USB port with pH probe
090323 18:45:08  ERROR - TDS fault
090323 18:45:08  Possible disconnected soil sensor: 0
090323 18:45:08  Possible disconnected soil sensor: 1
090323 18:45:08  Possible disconnected soil sensor: 2
090323 18:45:08  Possible disconnected soil sensor: 3
090323 18:45:08  Possible disconnected soil sensor: 4
090323 18:45:11  ERROR - Could not open USB port with pH probe
090323 18:45:11  ERROR - Could not open USB port with pH probe
090323 18:45:12  ERROR - TDS fault
090323 18:45:12  Possible disconnected soil sensor: 0
090323 18:45:12  Possible disconnected soil sensor: 1
090323 18:45:12  Possible disconnected soil sensor: 2
090323 18:45:12  Possible disconnected soil sensor: 3
090323 18:45:12  Possible disconnected soil sensor: 4
090323 18:45:15  ERROR - Could not open USB port with pH probe
090323 18:45:15  ERROR - Could not open USB port with pH probe
090323 18:45:15  ERROR - TDS fault
090323 18:45:15  Possible disconnected soil sensor: 0
090323 18:45:15  Possible disconnected soil sensor: 1
090323 18:45:15  Possible disconnected soil sensor: 2
090323 18:45:15  Possible disconnected soil sensor: 3
090323 18:45:15  Possible disconnected soil sensor: 4
090323 18:45:17  ERROR - Exception on pump web API call, possible timeout
090323 18:45:17  ERROR - Exception on pump web API call, possible timeout
090323 18:45:18  ERROR - Exception on pump web API call, possible timeout
090323 18:45:18  ERROR - Could not open USB port with pH probe
090323 18:45:18  ERROR - Could not open USB port with pH probe
090323 18:45:18  ERROR - TDS fault
090323 18:45:18  Possible disconnected soil sensor: 0
090323 18:45:18  Possible disconnected soil sensor: 1
090323 18:45:18  Possible disconnected soil sensor: 2
090323 18:45:18  Possible disconnected soil sensor: 3
090323 18:45:18  Possible disconnected soil sensor: 4
090323 18:45:21  ERROR - Could not open USB port with pH probe
090323 18:45:21  ERROR - Could not open USB port with pH probe
090323 18:45:22  ERROR - TDS fault
090323 18:45:22  Possible disconnected soil sensor: 0
090323 18:45:22  Possible disconnected soil sensor: 1
090323 18:45:22  Possible disconnected soil sensor: 2
090323 18:45:22  Possible disconnected soil sensor: 3
090323 18:45:22  Possible disconnected soil sensor: 4
090323 18:45:23  ERROR - Exception on pump web API call, possible timeout
090323 18:45:24  ERROR - Exception on pump web API call, possible timeout
090323 18:45:25  ERROR - Exception on pump web API call, possible timeout
090323 18:45:25  ERROR - Could not open USB port with pH probe
090323 18:45:25  ERROR - Could not open USB port with pH probe
090323 18:45:25  ERROR - TDS fault
090323 18:45:25  Possible disconnected soil sensor: 0
090323 18:45:25  Possible disconnected soil sensor: 1
090323 18:45:25  Possible disconnected soil sensor: 2
090323 18:45:25  Possible disconnected soil sensor: 3
090323 18:45:25  Possible disconnected soil sensor: 4
090323 18:45:28  ERROR - Could not open USB port with pH probe
090323 18:45:28  ERROR - Could not open USB port with pH probe
090323 18:45:29  ERROR - TDS fault
090323 18:45:29  Possible disconnected soil sensor: 0
090323 18:45:29  Possible disconnected soil sensor: 1
090323 18:45:29  Possible disconnected soil sensor: 2
090323 18:45:29  Possible disconnected soil sensor: 3
090323 18:45:29  Possible disconnected soil sensor: 4
090323 18:45:32  ERROR - Could not open USB port with pH probe
090323 18:45:32  ERROR - Could not open USB port with pH probe
090323 18:45:32  ERROR - TDS fault
090323 18:45:32  Possible disconnected soil sensor: 0
090323 18:45:32  Possible disconnected soil sensor: 1
090323 18:45:32  Possible disconnected soil sensor: 2
090323 18:45:32  Possible disconnected soil sensor: 3
090323 18:45:32  Possible disconnected soil sensor: 4
090323 18:45:35  ERROR - Could not open USB port with pH probe
090323 18:45:35  ERROR - Could not open USB port with pH probe
090323 18:45:36  ERROR - TDS fault
090323 18:45:36  Possible disconnected soil sensor: 0
090323 18:45:36  Possible disconnected soil sensor: 1
090323 18:45:36  Possible disconnected soil sensor: 2
090323 18:45:36  Possible disconnected soil sensor: 3
090323 18:45:36  Possible disconnected soil sensor: 4
090323 18:45:39  ERROR - Could not open USB port with pH probe
090323 18:45:39  ERROR - Could not open USB port with pH probe
090323 18:45:39  ERROR - TDS fault
090323 18:45:39  Possible disconnected soil sensor: 0
090323 18:45:39  Possible disconnected soil sensor: 1
090323 18:45:39  Possible disconnected soil sensor: 2
090323 18:45:39  Possible disconnected soil sensor: 3
090323 18:45:39  Possible disconnected soil sensor: 4
090323 18:45:42  ERROR - Could not open USB port with pH probe
090323 18:45:42  ERROR - Could not open USB port with pH probe
090323 18:45:42  ERROR - TDS fault
090323 18:45:42  Possible disconnected soil sensor: 0
090323 18:45:42  Possible disconnected soil sensor: 1
090323 18:45:42  Possible disconnected soil sensor: 2
090323 18:45:42  Possible disconnected soil sensor: 3
090323 18:45:42  Possible disconnected soil sensor: 4
090323 18:45:45  ERROR - Could not open USB port with pH probe
090323 18:45:45  ERROR - Could not open USB port with pH probe
090323 18:45:46  ERROR - TDS fault
090323 18:45:46  Possible disconnected soil sensor: 0
090323 18:45:46  Possible disconnected soil sensor: 1
090323 18:45:46  Possible disconnected soil sensor: 2
090323 18:45:46  Possible disconnected soil sensor: 3
090323 18:45:46  Possible disconnected soil sensor: 4
090323 18:45:49  ERROR - Could not open USB port with pH probe
090323 18:45:49  ERROR - Could not open USB port with pH probe
090323 18:45:49  ERROR - TDS fault
090323 18:45:49  Possible disconnected soil sensor: 0
090323 18:45:49  Possible disconnected soil sensor: 1
090323 18:45:49  Possible disconnected soil sensor: 2
090323 18:45:49  Possible disconnected soil sensor: 3
090323 18:45:49  Possible disconnected soil sensor: 4
090323 18:45:52  ERROR - Could not open USB port with pH probe
090323 18:45:52  ERROR - Could not open USB port with pH probe
090323 18:45:53  ERROR - TDS fault
090323 18:45:53  Possible disconnected soil sensor: 0
090323 18:45:53  Possible disconnected soil sensor: 1
090323 18:45:53  Possible disconnected soil sensor: 2
090323 18:45:53  Possible disconnected soil sensor: 3
090323 18:45:53  Possible disconnected soil sensor: 4
090323 18:45:56  ERROR - Could not open USB port with pH probe
090323 18:45:56  ERROR - Could not open USB port with pH probe
090323 18:45:56  ERROR - TDS fault
090323 18:45:56  Possible disconnected soil sensor: 0
090323 18:45:56  Possible disconnected soil sensor: 1
090323 18:45:56  Possible disconnected soil sensor: 2
090323 18:45:56  Possible disconnected soil sensor: 3
090323 18:45:56  Possible disconnected soil sensor: 4
090323 18:45:59  ERROR - Could not open USB port with pH probe
090323 18:45:59  ERROR - Could not open USB port with pH probe
090323 18:45:59  ERROR - TDS fault
090323 18:45:59  Possible disconnected soil sensor: 0
090323 18:45:59  Possible disconnected soil sensor: 1
090323 18:45:59  Possible disconnected soil sensor: 2
090323 18:45:59  Possible disconnected soil sensor: 3
090323 18:45:59  Possible disconnected soil sensor: 4
090323 18:46:02  ERROR - Could not open USB port with pH probe
090323 18:46:02  ERROR - Could not open USB port with pH probe
090323 18:46:03  ERROR - TDS fault
090323 18:46:03  Possible disconnected soil sensor: 0
090323 18:46:03  Possible disconnected soil sensor: 1
090323 18:46:03  Possible disconnected soil sensor: 2
090323 18:46:03  Possible disconnected soil sensor: 3
090323 18:46:03  Possible disconnected soil sensor: 4
090323 18:46:06  ERROR - Could not open USB port with pH probe
090323 18:46:06  ERROR - Could not open USB port with pH probe
090323 18:46:06  ERROR - TDS fault
090323 18:46:06  Possible disconnected soil sensor: 0
090323 18:46:06  Possible disconnected soil sensor: 1
090323 18:46:06  Possible disconnected soil sensor: 2
090323 18:46:06  Possible disconnected soil sensor: 3
090323 18:46:06  Possible disconnected soil sensor: 4
090323 18:46:09  ERROR - Could not open USB port with pH probe
090323 18:46:09  ERROR - Could not open USB port with pH probe
090323 18:46:10  ERROR - TDS fault
090323 18:46:10  Possible disconnected soil sensor: 0
090323 18:46:10  Possible disconnected soil sensor: 1
090323 18:46:10  Possible disconnected soil sensor: 2
090323 18:46:10  Possible disconnected soil sensor: 3
090323 18:46:10  Possible disconnected soil sensor: 4
090323 18:46:13  ERROR - Could not open USB port with pH probe
090323 18:46:13  ERROR - Could not open USB port with pH probe
090323 18:46:13  ERROR - TDS fault
090323 18:46:13  Possible disconnected soil sensor: 0
090323 18:46:13  Possible disconnected soil sensor: 1
090323 18:46:13  Possible disconnected soil sensor: 2
090323 18:46:13  Possible disconnected soil sensor: 3
090323 18:46:13  Possible disconnected soil sensor: 4
090323 18:46:16  ERROR - Could not open USB port with pH probe
090323 18:46:16  ERROR - Could not open USB port with pH probe
090323 18:46:17  ERROR - TDS fault
090323 18:46:17  Possible disconnected soil sensor: 0
090323 18:46:17  Possible disconnected soil sensor: 1
090323 18:46:17  Possible disconnected soil sensor: 2
090323 18:46:17  Possible disconnected soil sensor: 3
090323 18:46:17  Possible disconnected soil sensor: 4
090323 18:46:20  ERROR - Could not open USB port with pH probe
090323 18:46:20  ERROR - Could not open USB port with pH probe
090323 18:46:20  ERROR - Exception on pump web API call, possible timeout
090323 18:46:20  ERROR - Exception on pump web API call, possible timeout
090323 18:46:20  ERROR - TDS fault
090323 18:46:20  Possible disconnected soil sensor: 0
090323 18:46:20  Possible disconnected soil sensor: 1
090323 18:46:20  Possible disconnected soil sensor: 2
090323 18:46:20  Possible disconnected soil sensor: 3
090323 18:46:20  Possible disconnected soil sensor: 4
090323 18:46:21  ERROR - Exception on pump web API call, possible timeout
090323 18:46:23  ERROR - Could not open USB port with pH probe
090323 18:46:23  ERROR - Could not open USB port with pH probe
090323 18:46:23  ERROR - TDS fault
090323 18:46:23  Possible disconnected soil sensor: 0
090323 18:46:23  Possible disconnected soil sensor: 1
090323 18:46:23  Possible disconnected soil sensor: 2
090323 18:46:23  Possible disconnected soil sensor: 3
090323 18:46:23  Possible disconnected soil sensor: 4
090323 18:46:26  ERROR - Could not open USB port with pH probe
090323 18:46:26  ERROR - Could not open USB port with pH probe
090323 18:46:27  ERROR - TDS fault
090323 18:46:27  Possible disconnected soil sensor: 0
090323 18:46:27  Possible disconnected soil sensor: 1
090323 18:46:27  Possible disconnected soil sensor: 2
090323 18:46:27  Possible disconnected soil sensor: 3
090323 18:46:27  Possible disconnected soil sensor: 4
090323 18:46:30  ERROR - Could not open USB port with pH probe
090323 18:46:30  ERROR - Could not open USB port with pH probe
090323 18:46:30  ERROR - TDS fault
090323 18:46:30  Possible disconnected soil sensor: 0
090323 18:46:30  Possible disconnected soil sensor: 1
090323 18:46:30  Possible disconnected soil sensor: 2
090323 18:46:30  Possible disconnected soil sensor: 3
090323 18:46:30  Possible disconnected soil sensor: 4
090323 18:46:31  ERROR - Exception on pump web API call, possible timeout
090323 18:46:32  ERROR - Exception on pump web API call, possible timeout
090323 18:46:33  ERROR - Exception on pump web API call, possible timeout
090323 18:46:33  ERROR - Could not open USB port with pH probe
090323 18:46:33  ERROR - Could not open USB port with pH probe
090323 18:46:34  ERROR - TDS fault
090323 18:46:34  Possible disconnected soil sensor: 0
090323 18:46:34  Possible disconnected soil sensor: 1
090323 18:46:34  Possible disconnected soil sensor: 2
090323 18:46:34  Possible disconnected soil sensor: 3
090323 18:46:34  Possible disconnected soil sensor: 4
090323 18:46:37  ERROR - Could not open USB port with pH probe
090323 18:46:37  ERROR - Could not open USB port with pH probe
090323 18:46:37  ERROR - TDS fault
090323 18:46:37  Possible disconnected soil sensor: 0
090323 18:46:37  Possible disconnected soil sensor: 1
090323 18:46:37  Possible disconnected soil sensor: 2
090323 18:46:37  Possible disconnected soil sensor: 3
090323 18:46:37  Possible disconnected soil sensor: 4
090323 18:46:38  ERROR - Exception on pump web API call, possible timeout
090323 18:46:38  ERROR - Exception on pump web API call, possible timeout
090323 18:46:39  ERROR - Exception on pump web API call, possible timeout
090323 18:46:40  ERROR - Could not open USB port with pH probe
090323 18:46:40  ERROR - Could not open USB port with pH probe
090323 18:46:40  ERROR - TDS fault
090323 18:46:40  Possible disconnected soil sensor: 0
090323 18:46:40  Possible disconnected soil sensor: 1
090323 18:46:40  Possible disconnected soil sensor: 2
090323 18:46:40  Possible disconnected soil sensor: 3
090323 18:46:40  Possible disconnected soil sensor: 4
090323 18:46:43  ERROR - Could not open USB port with pH probe
090323 18:46:43  ERROR - Could not open USB port with pH probe
090323 18:46:44  ERROR - Exception on pump web API call, possible timeout
090323 18:46:44  ERROR - TDS fault
090323 18:46:44  Possible disconnected soil sensor: 0
090323 18:46:44  Possible disconnected soil sensor: 1
090323 18:46:44  Possible disconnected soil sensor: 2
090323 18:46:44  Possible disconnected soil sensor: 3
090323 18:46:44  Possible disconnected soil sensor: 4
090323 18:46:45  ERROR - Exception on pump web API call, possible timeout
090323 18:46:46  ERROR - Exception on pump web API call, possible timeout
090323 18:46:47  ERROR - Could not open USB port with pH probe
090323 18:46:47  ERROR - Could not open USB port with pH probe
090323 18:46:47  ERROR - TDS fault
090323 18:46:47  Possible disconnected soil sensor: 0
090323 18:46:47  Possible disconnected soil sensor: 1
090323 18:46:47  Possible disconnected soil sensor: 2
090323 18:46:47  Possible disconnected soil sensor: 3
090323 18:46:47  Possible disconnected soil sensor: 4
090323 18:46:50  ERROR - Could not open USB port with pH probe
090323 18:46:50  ERROR - Could not open USB port with pH probe
090323 18:46:51  ERROR - TDS fault
090323 18:46:51  Possible disconnected soil sensor: 0
090323 18:46:51  Possible disconnected soil sensor: 1
090323 18:46:51  Possible disconnected soil sensor: 2
090323 18:46:51  Possible disconnected soil sensor: 3
090323 18:46:51  Possible disconnected soil sensor: 4
090323 18:46:54  ERROR - Could not open USB port with pH probe
090323 18:46:54  ERROR - Could not open USB port with pH probe
090323 18:46:54  ERROR - TDS fault
090323 18:46:54  Possible disconnected soil sensor: 0
090323 18:46:54  Possible disconnected soil sensor: 1
090323 18:46:54  Possible disconnected soil sensor: 2
090323 18:46:54  Possible disconnected soil sensor: 3
090323 18:46:54  Possible disconnected soil sensor: 4
090323 18:46:57  ERROR - Could not open USB port with pH probe
090323 18:46:57  ERROR - Could not open USB port with pH probe
090323 18:46:58  ERROR - TDS fault
090323 18:46:58  Possible disconnected soil sensor: 0
090323 18:46:58  Possible disconnected soil sensor: 1
090323 18:46:58  Possible disconnected soil sensor: 2
090323 18:46:58  Possible disconnected soil sensor: 3
090323 18:46:58  Possible disconnected soil sensor: 4
090323 18:47:01  ERROR - Could not open USB port with pH probe
090323 18:47:01  ERROR - Could not open USB port with pH probe
090323 18:47:01  ERROR - TDS fault
090323 18:47:01  Possible disconnected soil sensor: 0
090323 18:47:01  Possible disconnected soil sensor: 1
090323 18:47:01  Possible disconnected soil sensor: 2
090323 18:47:01  Possible disconnected soil sensor: 3
090323 18:47:01  Possible disconnected soil sensor: 4
090323 18:47:04  ERROR - Could not open USB port with pH probe
090323 18:47:04  ERROR - Could not open USB port with pH probe
090323 18:47:04  ERROR - TDS fault
090323 18:47:04  Possible disconnected soil sensor: 0
090323 18:47:04  Possible disconnected soil sensor: 1
090323 18:47:04  Possible disconnected soil sensor: 2
090323 18:47:04  Possible disconnected soil sensor: 3
090323 18:47:04  Possible disconnected soil sensor: 4
090323 18:47:07  ERROR - Could not open USB port with pH probe
090323 18:47:07  ERROR - Could not open USB port with pH probe
090323 18:47:08  ERROR - TDS fault
090323 18:47:08  Possible disconnected soil sensor: 0
090323 18:47:08  Possible disconnected soil sensor: 1
090323 18:47:08  Possible disconnected soil sensor: 2
090323 18:47:08  Possible disconnected soil sensor: 3
090323 18:47:08  Possible disconnected soil sensor: 4
090323 18:47:11  ERROR - Could not open USB port with pH probe
090323 18:47:11  ERROR - Could not open USB port with pH probe
090323 18:47:11  ERROR - TDS fault
090323 18:47:11  Possible disconnected soil sensor: 0
090323 18:47:11  Possible disconnected soil sensor: 1
090323 18:47:11  Possible disconnected soil sensor: 2
090323 18:47:11  Possible disconnected soil sensor: 3
090323 18:47:11  Possible disconnected soil sensor: 4
090323 18:47:14  ERROR - Could not open USB port with pH probe
090323 18:47:14  ERROR - Could not open USB port with pH probe
090323 18:47:15  ERROR - TDS fault
090323 18:47:15  Possible disconnected soil sensor: 0
090323 18:47:15  Possible disconnected soil sensor: 1
090323 18:47:15  Possible disconnected soil sensor: 2
090323 18:47:15  Possible disconnected soil sensor: 3
090323 18:47:15  Possible disconnected soil sensor: 4
090323 18:47:18  ERROR - Could not open USB port with pH probe
090323 18:47:18  ERROR - Could not open USB port with pH probe
090323 18:47:18  ERROR - TDS fault
090323 18:47:18  Possible disconnected soil sensor: 0
090323 18:47:18  Possible disconnected soil sensor: 1
090323 18:47:18  Possible disconnected soil sensor: 2
090323 18:47:18  Possible disconnected soil sensor: 3
090323 18:47:18  Possible disconnected soil sensor: 4
090323 18:47:18  ERROR - Exception on sensor web API call, possible timeout
090323 18:47:21  ERROR - Exception on pump web API call, possible timeout
090323 18:47:21  ERROR - Exception on pump web API call, possible timeout
090323 18:47:21  ERROR - Could not open USB port with pH probe
090323 18:47:21  ERROR - Could not open USB port with pH probe
090323 18:47:21  ERROR - TDS fault
090323 18:47:21  Possible disconnected soil sensor: 0
090323 18:47:21  Possible disconnected soil sensor: 1
090323 18:47:21  Possible disconnected soil sensor: 2
090323 18:47:21  Possible disconnected soil sensor: 3
090323 18:47:21  Possible disconnected soil sensor: 4
090323 18:47:22  ERROR - Exception on pump web API call, possible timeout
090323 18:47:24  ERROR - Could not open USB port with pH probe
090323 18:47:24  ERROR - Could not open USB port with pH probe
090323 18:47:25  ERROR - TDS fault
090323 18:47:25  Possible disconnected soil sensor: 0
090323 18:47:25  Possible disconnected soil sensor: 1
090323 18:47:25  Possible disconnected soil sensor: 2
090323 18:47:25  Possible disconnected soil sensor: 3
090323 18:47:25  Possible disconnected soil sensor: 4
090323 18:47:27  ERROR - Exception on pump web API call, possible timeout
090323 18:47:28  ERROR - Could not open USB port with pH probe
090323 18:47:28  ERROR - Could not open USB port with pH probe
090323 18:47:28  ERROR - Exception on pump web API call, possible timeout
090323 18:47:28  ERROR - TDS fault
090323 18:47:28  Possible disconnected soil sensor: 0
090323 18:47:28  Possible disconnected soil sensor: 1
090323 18:47:28  Possible disconnected soil sensor: 2
090323 18:47:28  Possible disconnected soil sensor: 3
090323 18:47:28  Possible disconnected soil sensor: 4
090323 18:47:29  ERROR - Exception on pump web API call, possible timeout
090323 18:47:31  ERROR - Could not open USB port with pH probe
090323 18:47:31  ERROR - Could not open USB port with pH probe
090323 18:47:32  ERROR - TDS fault
090323 18:47:32  Possible disconnected soil sensor: 0
090323 18:47:32  Possible disconnected soil sensor: 1
090323 18:47:32  Possible disconnected soil sensor: 2
090323 18:47:32  Possible disconnected soil sensor: 3
090323 18:47:32  Possible disconnected soil sensor: 4
090323 18:47:35  ERROR - Could not open USB port with pH probe
090323 18:47:35  ERROR - Could not open USB port with pH probe
090323 18:47:35  ERROR - TDS fault
090323 18:47:35  Possible disconnected soil sensor: 0
090323 18:47:35  Possible disconnected soil sensor: 1
090323 18:47:35  Possible disconnected soil sensor: 2
090323 18:47:35  Possible disconnected soil sensor: 3
090323 18:47:35  Possible disconnected soil sensor: 4
090323 18:47:38  ERROR - Could not open USB port with pH probe
090323 18:47:38  ERROR - Could not open USB port with pH probe
090323 18:47:38  ERROR - TDS fault
090323 18:47:38  Possible disconnected soil sensor: 0
090323 18:47:38  Possible disconnected soil sensor: 1
090323 18:47:38  Possible disconnected soil sensor: 2
090323 18:47:38  Possible disconnected soil sensor: 3
090323 18:47:38  Possible disconnected soil sensor: 4
090323 18:47:41  ERROR - Could not open USB port with pH probe
090323 18:47:42  ERROR - Could not open USB port with pH probe
090323 18:47:42  ERROR - TDS fault
090323 18:47:42  Possible disconnected soil sensor: 0
090323 18:47:42  Possible disconnected soil sensor: 1
090323 18:47:42  Possible disconnected soil sensor: 2
090323 18:47:42  Possible disconnected soil sensor: 3
090323 18:47:42  Possible disconnected soil sensor: 4
090323 18:47:45  ERROR - Could not open USB port with pH probe
090323 18:47:45  ERROR - Could not open USB port with pH probe
090323 18:47:45  ERROR - TDS fault
090323 18:47:45  Possible disconnected soil sensor: 0
090323 18:47:45  Possible disconnected soil sensor: 1
090323 18:47:45  Possible disconnected soil sensor: 2
090323 18:47:45  Possible disconnected soil sensor: 3
090323 18:47:45  Possible disconnected soil sensor: 4
090323 18:47:48  ERROR - Could not open USB port with pH probe
090323 18:47:48  ERROR - Could not open USB port with pH probe
090323 18:47:49  ERROR - TDS fault
090323 18:47:49  Possible disconnected soil sensor: 0
090323 18:47:49  Possible disconnected soil sensor: 1
090323 18:47:49  Possible disconnected soil sensor: 2
090323 18:47:49  Possible disconnected soil sensor: 3
090323 18:47:49  Possible disconnected soil sensor: 4
090323 18:47:49  ERROR - Exception on pump web API call, possible timeout
090323 18:47:49  ERROR - Exception on pump web API call, possible timeout
090323 18:47:50  ERROR - Exception on pump web API call, possible timeout
090323 18:47:52  ERROR - Could not open USB port with pH probe
090323 18:47:52  ERROR - Could not open USB port with pH probe
090323 18:47:52  ERROR - TDS fault
090323 18:47:52  Possible disconnected soil sensor: 0
090323 18:47:52  Possible disconnected soil sensor: 1
090323 18:47:52  Possible disconnected soil sensor: 2
090323 18:47:52  Possible disconnected soil sensor: 3
090323 18:47:52  Possible disconnected soil sensor: 4
090323 18:47:55  ERROR - Exception on pump web API call, possible timeout
090323 18:47:55  ERROR - Could not open USB port with pH probe
090323 18:47:55  ERROR - Could not open USB port with pH probe
090323 18:47:56  ERROR - TDS fault
090323 18:47:56  Possible disconnected soil sensor: 0
090323 18:47:56  Possible disconnected soil sensor: 1
090323 18:47:56  Possible disconnected soil sensor: 2
090323 18:47:56  Possible disconnected soil sensor: 3
090323 18:47:56  Possible disconnected soil sensor: 4
090323 18:47:56  ERROR - Exception on pump web API call, possible timeout
090323 18:47:57  ERROR - Exception on pump web API call, possible timeout
090323 18:47:59  ERROR - Could not open USB port with pH probe
090323 18:47:59  ERROR - Could not open USB port with pH probe
090323 18:47:59  ERROR - TDS fault
090323 18:47:59  Possible disconnected soil sensor: 0
090323 18:47:59  Possible disconnected soil sensor: 1
090323 18:47:59  Possible disconnected soil sensor: 2
090323 18:47:59  Possible disconnected soil sensor: 3
090323 18:47:59  Possible disconnected soil sensor: 4
090323 18:48:02  ERROR - Could not open USB port with pH probe
090323 18:48:02  ERROR - Could not open USB port with pH probe
090323 18:48:02  ERROR - TDS fault
090323 18:48:02  Possible disconnected soil sensor: 0
090323 18:48:02  Possible disconnected soil sensor: 1
090323 18:48:02  Possible disconnected soil sensor: 2
090323 18:48:02  Possible disconnected soil sensor: 3
090323 18:48:02  Possible disconnected soil sensor: 4
090323 18:48:05  ERROR - Could not open USB port with pH probe
090323 18:48:05  ERROR - Could not open USB port with pH probe
090323 18:48:06  ERROR - TDS fault
090323 18:48:06  Possible disconnected soil sensor: 0
090323 18:48:06  Possible disconnected soil sensor: 1
090323 18:48:06  Possible disconnected soil sensor: 2
090323 18:48:06  Possible disconnected soil sensor: 3
090323 18:48:06  Possible disconnected soil sensor: 4
090323 18:48:09  ERROR - Could not open USB port with pH probe
090323 18:48:09  ERROR - Could not open USB port with pH probe
090323 18:48:09  ERROR - TDS fault
090323 18:48:09  Possible disconnected soil sensor: 0
090323 18:48:09  Possible disconnected soil sensor: 1
090323 18:48:09  Possible disconnected soil sensor: 2
090323 18:48:09  Possible disconnected soil sensor: 3
090323 18:48:09  Possible disconnected soil sensor: 4
090323 18:48:12  ERROR - Could not open USB port with pH probe
090323 18:48:12  ERROR - Could not open USB port with pH probe
090323 18:48:13  ERROR - TDS fault
090323 18:48:13  Possible disconnected soil sensor: 0
090323 18:48:13  Possible disconnected soil sensor: 1
090323 18:48:13  Possible disconnected soil sensor: 2
090323 18:48:13  Possible disconnected soil sensor: 3
090323 18:48:13  Possible disconnected soil sensor: 4
090323 18:48:16  ERROR - Could not open USB port with pH probe
090323 18:48:16  ERROR - Could not open USB port with pH probe
090323 18:48:16  ERROR - TDS fault
090323 18:48:16  Possible disconnected soil sensor: 0
090323 18:48:16  Possible disconnected soil sensor: 1
090323 18:48:16  Possible disconnected soil sensor: 2
090323 18:48:16  Possible disconnected soil sensor: 3
090323 18:48:16  Possible disconnected soil sensor: 4
090323 18:48:19  ERROR - Could not open USB port with pH probe
090323 18:48:19  ERROR - Could not open USB port with pH probe
090323 18:48:19  ERROR - TDS fault
090323 18:48:19  Possible disconnected soil sensor: 0
090323 18:48:19  Possible disconnected soil sensor: 1
090323 18:48:19  Possible disconnected soil sensor: 2
090323 18:48:19  Possible disconnected soil sensor: 3
090323 18:48:19  Possible disconnected soil sensor: 4
090323 18:48:22  ERROR - Could not open USB port with pH probe
090323 18:48:22  ERROR - Could not open USB port with pH probe
090323 18:48:23  ERROR - TDS fault
090323 18:48:23  Possible disconnected soil sensor: 0
090323 18:48:23  Possible disconnected soil sensor: 1
090323 18:48:23  Possible disconnected soil sensor: 2
090323 18:48:23  Possible disconnected soil sensor: 3
090323 18:48:23  Possible disconnected soil sensor: 4
090323 18:48:26  ERROR - Could not open USB port with pH probe
090323 18:48:26  ERROR - Could not open USB port with pH probe
090323 18:48:26  ERROR - TDS fault
090323 18:48:26  Possible disconnected soil sensor: 0
090323 18:48:26  Possible disconnected soil sensor: 1
090323 18:48:26  Possible disconnected soil sensor: 2
090323 18:48:26  Possible disconnected soil sensor: 3
090323 18:48:26  Possible disconnected soil sensor: 4
090323 18:48:27  ERROR - Exception on pump web API call, possible timeout
090323 18:48:27  ERROR - Exception on pump web API call, possible timeout
090323 18:48:28  ERROR - Exception on pump web API call, possible timeout
090323 18:48:29  ERROR - Could not open USB port with pH probe
090323 18:48:29  ERROR - Could not open USB port with pH probe
090323 18:48:30  ERROR - TDS fault
090323 18:48:30  Possible disconnected soil sensor: 0
090323 18:48:30  Possible disconnected soil sensor: 1
090323 18:48:30  Possible disconnected soil sensor: 2
090323 18:48:30  Possible disconnected soil sensor: 3
090323 18:48:30  Possible disconnected soil sensor: 4
090323 18:48:33  ERROR - Could not open USB port with pH probe
090323 18:48:33  ERROR - Could not open USB port with pH probe
090323 18:48:33  ERROR - TDS fault
090323 18:48:33  Possible disconnected soil sensor: 0
090323 18:48:33  Possible disconnected soil sensor: 1
090323 18:48:33  Possible disconnected soil sensor: 2
090323 18:48:33  Possible disconnected soil sensor: 3
090323 18:48:33  Possible disconnected soil sensor: 4
090323 18:48:36  ERROR - Could not open USB port with pH probe
090323 18:48:36  ERROR - Could not open USB port with pH probe
090323 18:48:37  ERROR - TDS fault
090323 18:48:37  Possible disconnected soil sensor: 0
090323 18:48:37  Possible disconnected soil sensor: 1
090323 18:48:37  Possible disconnected soil sensor: 2
090323 18:48:37  Possible disconnected soil sensor: 3
090323 18:48:37  Possible disconnected soil sensor: 4
090323 18:48:40  ERROR - Could not open USB port with pH probe
090323 18:48:40  ERROR - Could not open USB port with pH probe
090323 18:48:40  ERROR - TDS fault
090323 18:48:40  Possible disconnected soil sensor: 0
090323 18:48:40  Possible disconnected soil sensor: 1
090323 18:48:40  Possible disconnected soil sensor: 2
090323 18:48:40  Possible disconnected soil sensor: 3
090323 18:48:40  Possible disconnected soil sensor: 4
090323 18:48:43  ERROR - Could not open USB port with pH probe
090323 18:48:43  ERROR - Could not open USB port with pH probe
090323 18:48:43  ERROR - TDS fault
090323 18:48:43  Possible disconnected soil sensor: 0
090323 18:48:43  Possible disconnected soil sensor: 1
090323 18:48:43  Possible disconnected soil sensor: 2
090323 18:48:43  Possible disconnected soil sensor: 3
090323 18:48:43  Possible disconnected soil sensor: 4
090323 18:48:46  ERROR - Could not open USB port with pH probe
090323 18:48:46  ERROR - Could not open USB port with pH probe
090323 18:48:47  ERROR - TDS fault
090323 18:48:47  Possible disconnected soil sensor: 0
090323 18:48:47  Possible disconnected soil sensor: 1
090323 18:48:47  Possible disconnected soil sensor: 2
090323 18:48:47  Possible disconnected soil sensor: 3
090323 18:48:47  Possible disconnected soil sensor: 4
090323 18:48:48  ERROR - Exception on pump web API call, possible timeout
090323 18:48:49  ERROR - Exception on pump web API call, possible timeout
090323 18:48:50  ERROR - Could not open USB port with pH probe
090323 18:48:50  ERROR - Could not open USB port with pH probe
090323 18:48:50  ERROR - Exception on pump web API call, possible timeout
090323 18:48:50  ERROR - TDS fault
090323 18:48:50  Possible disconnected soil sensor: 0
090323 18:48:50  Possible disconnected soil sensor: 1
090323 18:48:50  Possible disconnected soil sensor: 2
090323 18:48:50  Possible disconnected soil sensor: 3
090323 18:48:50  Possible disconnected soil sensor: 4
090323 18:48:53  ERROR - Could not open USB port with pH probe
090323 18:48:53  ERROR - Could not open USB port with pH probe
090323 18:48:54  ERROR - TDS fault
090323 18:48:54  Possible disconnected soil sensor: 0
090323 18:48:54  Possible disconnected soil sensor: 1
090323 18:48:54  Possible disconnected soil sensor: 2
090323 18:48:54  Possible disconnected soil sensor: 3
090323 18:48:54  Possible disconnected soil sensor: 4
