051123 22:40:50  S0: 21696 (97) S1: 21824 (97) WC: 8.2 pH: 3.932
051123 22:40:55  S0: 21696 (97) S1: 21824 (97) WC: 8.2 pH: 3.931
051123 22:41:09  S0: 21696 (97) S1: 21824 (97) WC: 8.2 pH: 3.954
051123 22:41:15  S0: 21696 (97) S1: 21824 (97) WC: 8.2 pH: 3.948
051123 22:41:20  S0: 21696 (97) S1: 21824 (97) WC: 8.2 pH: 3.947
051123 22:41:25  S0: 21696 (97) S1: 21824 (97) WC: 8.2 pH: 3.942
051123 22:41:30  S0: 21696 (97) S1: 21824 (97) WC: 8.2 pH: 3.944
051123 22:41:52  S0: 21696 (97) S1: 21824 (97) WC: 8.2 pH: 3.938
051123 22:41:57  S0: 21696 (97) S1: 21824 (97) WC: 8.2 pH: 3.938
051123 22:42:02  S0: 21696 (97) S1: 21824 (97) WC: 8.2 pH: 3.938
051123 22:42:06  S0: 21632 (97) S1: 21824 (97) WC: 8.2 pH: 3.939
051123 22:42:11  S0: 21632 (97) S1: 21824 (97) WC: 8.2 pH: 3.937
051123 22:42:16  S0: 21632 (97) S1: 21824 (97) WC: 8.2 pH: 3.939
051123 22:42:21  S0: 21632 (97) S1: 21824 (97) WC: 8.2 pH: 3.933
051123 22:42:26  S0: 21632 (97) S1: 21824 (97) WC: 8.2 pH: 3.937
051123 22:42:31  S0: 21632 (97) S1: 21760 (97) WC: 8.2 pH: 3.935
051123 22:42:36  S0: 21632 (97) S1: 21760 (97) WC: 8.2 pH: 3.938
051123 22:42:41  S0: 21632 (97) S1: 21760 (97) WC: 8.2 pH: 3.932
051123 22:42:46  S0: 21632 (97) S1: 21760 (97) WC: 8.2 pH: 3.937
051123 22:42:51  S0: 21632 (97) S1: 21760 (97) WC: 8.2 pH: 3.931
051123 22:42:56  S0: 21632 (97) S1: 21760 (97) WC: 8.2 pH: 3.933
051123 22:43:01  S0: 21632 (97) S1: 21760 (97) WC: 6.9 pH: 3.932
051123 22:43:06  S0: 21632 (97) S1: 21760 (97) WC: 8.2 pH: 3.935
051123 22:43:11  S0: 21632 (97) S1: 21824 (97) WC: 8.2 pH: 3.934
051123 22:43:18  S0: 21632 (97) S1: 21760 (97) WC: 8.2 pH: 3.931
051123 22:43:23  S0: 21632 (97) S1: 21760 (97) WC: 8.2 pH: 3.931
051123 22:43:28  S0: 21632 (97) S1: 21760 (97) WC: 8.2 pH: 3.934
051123 22:43:33  S0: 21632 (97) S1: 21760 (97) WC: 8.2 pH: 3.933
051123 22:43:38  S0: 21632 (97) S1: 21760 (97) WC: 8.2 pH: 3.932
051123 22:43:43  S0: 21632 (97) S1: 21760 (97) WC: 8.2 pH: 3.935
051123 22:43:48  S0: 21632 (97) S1: 21760 (97) WC: 8.2 pH: 3.933
051123 22:43:53  S0: 21632 (97) S1: 21760 (97) WC: 8.2 pH: 3.932
051123 22:43:58  S0: 21632 (97) S1: 21760 (97) WC: 8.2 pH: 3.935
051123 22:44:03  S0: 21632 (97) S1: 21760 (97) WC: 8.2 pH: 3.933
051123 22:44:08  S0: 21632 (97) S1: 21760 (97) WC: 8.2 pH: 3.936
051123 22:44:13  S0: 21632 (97) S1: 21760 (97) WC: 8.2 pH: 3.935
051123 22:44:18  S0: 21632 (97) S1: 21760 (97) WC: 8.2 pH: 3.936
051123 22:44:22  S0: 21568 (97) S1: 21696 (97) WC: 8.2 pH: 3.934
051123 22:44:27  S0: 21568 (97) S1: 21760 (97) WC: 8.2 pH: 3.933
051123 22:44:32  S0: 21568 (97) S1: 21760 (97) WC: 8.2 pH: 3.933
051123 22:44:37  S0: 21632 (97) S1: 21760 (97) WC: 8.2 pH: 3.931
051123 22:44:42  S0: 21632 (97) S1: 21760 (97) WC: 8.2 pH: 3.933
051123 22:44:47  S0: 21568 (97) S1: 21760 (97) WC: 8.2 pH: 3.935
051123 22:44:52  S0: 21568 (97) S1: 21760 (97) WC: 8.2 pH: 3.929
051123 22:44:57  S0: 21568 (97) S1: 21696 (97) WC: 8.2 pH: 3.937
051123 22:45:02  S0: 21568 (97) S1: 21760 (97) WC: 8.2 pH: 3.935
051123 22:45:07  S0: 21568 (97) S1: 21760 (97) WC: 8.2 pH: 3.935
051123 22:45:12  S0: 21568 (97) S1: 21760 (97) WC: 8.2 pH: 3.934
051123 22:45:17  S0: 21568 (97) S1: 21696 (97) WC: 8.2 pH: 3.931
051123 22:45:22  S0: 21568 (97) S1: 21696 (97) WC: 8.2 pH: 3.934
051123 22:45:27  S0: 21568 (97) S1: 21696 (97) WC: 8.2 pH: 3.934
051123 22:45:31  S0: 21568 (97) S1: 21696 (97) WC: 8.2 pH: 3.931
051123 22:45:36  S0: 21568 (97) S1: 21696 (97) WC: 8.2 pH: 3.934
051123 22:45:41  S0: 21568 (97) S1: 21760 (97) WC: 8.2 pH: 3.933
051123 22:45:46  S0: 21568 (97) S1: 21760 (97) WC: 8.2 pH: 3.936
051123 22:45:51  S0: 21568 (97) S1: 21696 (97) WC: 8.2 pH: 3.934
051123 22:45:56  S0: 21568 (97) S1: 21696 (97) WC: 8.2 pH: 3.935
051123 22:46:01  S0: 21568 (97) S1: 21760 (97) WC: 8.2 pH: 3.934
051123 22:46:06  S0: 21568 (97) S1: 21696 (97) WC: 8.2 pH: 3.934
051123 22:46:11  S0: 21568 (97) S1: 21696 (97) WC: 8.2 pH: 3.934
051123 22:46:16  S0: 21568 (97) S1: 21760 (97) WC: 8.2 pH: 3.933
051123 22:46:21  S0: 21568 (97) S1: 21696 (97) WC: 8.2 pH: 3.933
051123 22:46:26  S0: 21568 (97) S1: 21696 (97) WC: 8.2 pH: 3.932
051123 22:46:31  S0: 21568 (97) S1: 21696 (97) WC: 8.2 pH: 3.935
051123 22:46:35  S0: 21568 (97) S1: 21696 (97) WC: 8.2 pH: 3.933
051123 22:46:40  S0: 21568 (97) S1: 21696 (97) WC: 8.2 pH: 3.932
051123 22:46:45  S0: 21568 (97) S1: 21696 (97) WC: 8.2 pH: 3.934
051123 22:46:50  S0: 21568 (97) S1: 21696 (97) WC: 8.2 pH: 3.934
051123 22:46:55  S0: 21568 (97) S1: 21696 (97) WC: 8.2 pH: 3.934
051123 22:47:00  S0: 21568 (97) S1: 21696 (97) WC: 8.2 pH: 3.934
051123 22:47:05  S0: 21568 (97) S1: 21696 (97) WC: 8.2 pH: 3.933
051123 22:47:10  S0: 21568 (97) S1: 21696 (97) WC: 8.2 pH: 3.934
051123 22:47:15  S0: 21568 (97) S1: 21760 (97) WC: 8.2 pH: 3.932
051123 22:47:20  S0: 21568 (97) S1: 21696 (97) WC: 8.2 pH: 3.935
051123 22:47:25  S0: 21568 (97) S1: 21696 (97) WC: 8.2 pH: 3.933
051123 22:47:30  S0: 21568 (97) S1: 21696 (97) WC: 8.2 pH: 3.937
051123 22:47:35  S0: 21568 (97) S1: 21696 (97) WC: 8.2 pH: 3.935
051123 22:47:40  S0: 21568 (97) S1: 21696 (97) WC: 8.2 pH: 3.933
051123 22:47:44  S0: 21568 (97) S1: 21696 (97) WC: 8.2 pH: 3.931
051123 22:47:49  S0: 21568 (97) S1: 21696 (97) WC: 8.2 pH: 3.932
051123 22:47:54  S0: 21568 (97) S1: 21696 (97) WC: 8.2 pH: 3.933
051123 22:47:59  S0: 21568 (97) S1: 21696 (97) WC: 8.2 pH: 3.937
051123 22:48:04  S0: 21568 (97) S1: 21696 (97) WC: 8.2 pH: 3.931
051123 22:48:09  S0: 21568 (97) S1: 21696 (97) WC: 8.2 pH: 3.933
051123 22:48:14  S0: 21568 (97) S1: 21696 (97) WC: 8.2 pH: 3.932
051123 22:48:19  S0: 21568 (97) S1: 21696 (97) WC: 8.2 pH: 3.932
051123 22:48:24  S0: 21568 (97) S1: 21696 (97) WC: 8.2 pH: 3.934
051123 22:48:29  S0: 21568 (97) S1: 21696 (97) WC: 8.2 pH: 3.932
051123 22:48:34  S0: 21568 (97) S1: 21696 (97) WC: 8.2 pH: 3.934
051123 22:48:39  S0: 21568 (97) S1: 21696 (97) WC: 8.2 pH: 3.931
051123 22:48:44  S0: 21568 (97) S1: 21760 (97) WC: 8.2 pH: 3.937
051123 22:48:49  S0: 21568 (97) S1: 21696 (97) WC: 8.2 pH: 3.931
051123 22:48:53  S0: 21568 (97) S1: 21696 (97) WC: 8.2 pH: 3.934
051123 22:48:58  S0: 21568 (97) S1: 21696 (97) WC: 8.2 pH: 3.933
051123 22:49:03  S0: 21568 (97) S1: 21696 (97) WC: 8.2 pH: 3.934
051123 22:49:08  S0: 21568 (97) S1: 21696 (97) WC: 8.2 pH: 3.933
051123 22:49:13  S0: 21568 (97) S1: 21760 (97) WC: 8.2 pH: 3.932
051123 22:49:18  S0: 21568 (97) S1: 21696 (97) WC: 8.2 pH: 3.932
051123 22:49:23  S0: 21568 (97) S1: 21696 (97) WC: 8.2 pH: 3.932
051123 22:49:28  S0: 21568 (97) S1: 21696 (97) WC: 8.2 pH: 3.933
051123 22:49:33  S0: 21568 (97) S1: 21696 (97) WC: 8.2 pH: 3.933
051123 22:49:38  S0: 21568 (97) S1: 21696 (97) WC: 8.2 pH: 3.932
051123 22:49:43  S0: 21568 (97) S1: 21696 (97) WC: 8.2 pH: 3.93
051123 22:49:48  S0: 21568 (97) S1: 21696 (97) WC: 8.2 pH: 3.932
051123 22:49:53  S0: 21568 (97) S1: 21696 (97) WC: 8.2 pH: 3.93
051123 22:49:57  S0: 21568 (97) S1: 21696 (97) WC: 8.2 pH: 3.93
051123 22:50:02  S0: 21568 (97) S1: 21696 (97) WC: 8.2 pH: 3.931
051123 22:50:07  S0: 21568 (97) S1: 21696 (97) WC: 8.2 pH: 3.931
051123 22:50:12  S0: 21568 (97) S1: 21696 (97) WC: 8.2 pH: 3.93
051123 22:50:17  S0: 21568 (97) S1: 21696 (97) WC: 8.2 pH: 3.931
051123 22:50:22  S0: 21568 (97) S1: 21696 (97) WC: 8.2 pH: 3.931
051123 22:50:27  S0: 21568 (97) S1: 21696 (97) WC: 8.2 pH: 3.93
051123 22:50:32  S0: 21568 (97) S1: 21696 (97) WC: 8.2 pH: 3.932
051123 22:50:37  S0: 21568 (97) S1: 21696 (97) WC: 8.2 pH: 3.93
051123 22:50:42  S0: 21568 (97) S1: 21696 (97) WC: 8.2 pH: 3.931
051123 22:50:47  S0: 21568 (97) S1: 21696 (97) WC: 8.2 pH: 3.932
051123 22:50:52  S0: 21568 (97) S1: 21696 (97) WC: 8.2 pH: 3.932
051123 22:50:57  S0: 21568 (97) S1: 21696 (97) WC: 8.2 pH: 3.931
051123 22:51:02  S0: 21568 (97) S1: 21696 (97) WC: 8.2 pH: 3.932
051123 22:51:06  S0: 21568 (97) S1: 21696 (97) WC: 8.2 pH: 3.933
051123 22:51:11  S0: 21568 (97) S1: 21696 (97) WC: 8.2 pH: 3.934
051123 22:51:16  S0: 21568 (97) S1: 21696 (97) WC: 8.2 pH: 3.933
051123 22:51:21  S0: 21568 (97) S1: 21696 (97) WC: 8.2 pH: 3.932
