053123 12:55:30  Starting
053123 12:55:30  Version: 10
053123 12:55:30  Flow control sensor GPIO pin: 25
053123 12:55:30  Number of water valves: 3
053123 12:55:30  Water cycle length per valve: 5
053123 12:55:30  Pump delay to prevent back pressure: 1
053123 12:55:30  Time between water cycles: 900
053123 12:55:30  Sensor API delay: 1800
053123 12:55:30  Sensor CSV delay: 600
053123 12:55:30  Sensor DIAG delay: 5
053123 12:55:30  Soil raw value wet: 21000
053123 12:55:30  Soil raw value dry: 49000
053123 12:55:30  Number of soil sensors: 2
053123 12:55:30  Max number of soil sensors for the system: 5
053123 12:55:30  pH sensor USB port: /dev/ttyUSB0
053123 12:55:30  pH sensor enabled: True
053123 12:55:30  Room temperature in Celsius: 25
053123 12:55:30  SENSOR URL API endpoint: https://samwins.pythonanywhere.com/autogro_logs
053123 12:55:30  PUMP URL API endpoint: https://samwins.pythonanywhere.com/autogro_send_pump_data
053123 12:55:30  Enable web API: True
053123 12:55:30  Enable TDS sensor: True
053123 12:55:30  Enable auto pH balance: True
053123 12:55:30  Ideal pH balance: 6.5
053123 12:55:30  Acceptable pH spread: 0.5
053123 12:55:30  pH valve open time: 5
053123 12:55:30  .........................................
053123 12:55:31  Starting Water Cycle - Flow = 0
053123 12:55:31  Sending data to pump web API
053123 12:55:32  Sending data to pump web API
053123 12:55:34  Sending data to sensor web API
053123 12:55:59  Sending data to pump web API
053123 12:56:01  Sending data to pump web API
053123 12:56:08  Sending data to pump web API
053123 12:56:10  Sending data to pump web API
053123 12:56:28  Sending data to pump web API
053123 12:56:30  Water Cycle Complete - Flow = 0
053123 12:56:30  Sending data to pump web API
053123 12:56:30  Auto pH enabled, Current pH: 3.952, Range goal (6.0 - 7.0)
053123 12:56:30  Making pH higher
053123 12:56:35  pH auto adjustment routine complete
053123 12:56:35  Sleeping until next water cycle - Seconds left: 900
053123 12:57:35  Sleeping until next water cycle - Seconds left: 840
053123 12:58:35  Sleeping until next water cycle - Seconds left: 780
053123 12:59:35  Sleeping until next water cycle - Seconds left: 720
053123 13:00:35  Sleeping until next water cycle - Seconds left: 660
053123 13:01:35  Sleeping until next water cycle - Seconds left: 600
053123 13:02:35  Sleeping until next water cycle - Seconds left: 540
053123 13:03:35  Sleeping until next water cycle - Seconds left: 480
053123 13:04:35  Sleeping until next water cycle - Seconds left: 420
053123 13:05:35  Sleeping until next water cycle - Seconds left: 359
053123 13:06:35  Sleeping until next water cycle - Seconds left: 299
053123 13:07:35  Sleeping until next water cycle - Seconds left: 239
053123 13:08:35  Sleeping until next water cycle - Seconds left: 179
053123 13:09:36  Sleeping until next water cycle - Seconds left: 119
053123 13:09:41  Sleeping until next water cycle - Seconds left: 114
053123 13:09:46  Sleeping until next water cycle - Seconds left: 109
053123 13:09:51  Sleeping until next water cycle - Seconds left: 104
053123 13:09:56  Sleeping until next water cycle - Seconds left: 99
053123 13:10:01  Sleeping until next water cycle - Seconds left: 94
053123 13:10:06  Sleeping until next water cycle - Seconds left: 89
053123 13:10:11  Sleeping until next water cycle - Seconds left: 84
053123 13:10:16  Sleeping until next water cycle - Seconds left: 79
053123 13:10:21  Sleeping until next water cycle - Seconds left: 74
053123 13:10:26  Sleeping until next water cycle - Seconds left: 69
053123 13:10:31  Sleeping until next water cycle - Seconds left: 64
053123 13:10:36  Sleeping until next water cycle - Seconds left: 59
053123 13:10:41  Sleeping until next water cycle - Seconds left: 54
053123 13:10:46  Sleeping until next water cycle - Seconds left: 49
053123 13:10:51  Sleeping until next water cycle - Seconds left: 44
053123 13:10:56  Sleeping until next water cycle - Seconds left: 39
053123 13:11:01  Sleeping until next water cycle - Seconds left: 34
053123 13:11:06  Sleeping until next water cycle - Seconds left: 29
053123 13:11:11  Sleeping until next water cycle - Seconds left: 24
053123 13:11:16  Sleeping until next water cycle - Seconds left: 19
053123 13:11:21  Sleeping until next water cycle - Seconds left: 14
053123 13:11:26  Sleeping until next water cycle - Seconds left: 9
053123 13:11:31  Sleeping until next water cycle - Seconds left: 4
053123 13:11:36  Starting Water Cycle - Flow = 53
053123 13:11:36  Sending data to pump web API
053123 13:11:36  Sending data to pump web API
053123 13:11:44  Sending data to pump web API
053123 13:11:45  Sending data to pump web API
053123 13:11:52  Sending data to pump web API
053123 13:11:54  Sending data to pump web API
053123 13:12:01  Sending data to pump web API
053123 13:12:02  Water Cycle Complete - Flow = 0
053123 13:12:02  Sending data to pump web API
053123 13:12:03  Auto pH enabled, Current pH: 3.945, Range goal (6.0 - 7.0)
053123 13:12:03  Making pH higher
053123 13:12:08  pH auto adjustment routine complete
053123 13:12:08  Sleeping until next water cycle - Seconds left: 900
053123 13:13:08  Sleeping until next water cycle - Seconds left: 840
053123 13:14:08  Sleeping until next water cycle - Seconds left: 780
053123 13:15:08  Sleeping until next water cycle - Seconds left: 720
053123 13:16:08  Sleeping until next water cycle - Seconds left: 660
053123 13:17:08  Sleeping until next water cycle - Seconds left: 600
053123 13:18:08  Sleeping until next water cycle - Seconds left: 540
053123 13:19:08  Sleeping until next water cycle - Seconds left: 480
053123 13:20:08  Sleeping until next water cycle - Seconds left: 420
053123 13:21:08  Sleeping until next water cycle - Seconds left: 359
053123 13:22:08  Sleeping until next water cycle - Seconds left: 299
053123 13:23:08  Sleeping until next water cycle - Seconds left: 239
053123 13:24:09  Sleeping until next water cycle - Seconds left: 179
053123 13:25:09  Sleeping until next water cycle - Seconds left: 119
053123 13:25:14  Sleeping until next water cycle - Seconds left: 114
053123 13:25:19  Sleeping until next water cycle - Seconds left: 109
053123 13:25:24  Sleeping until next water cycle - Seconds left: 104
053123 13:25:29  Sleeping until next water cycle - Seconds left: 99
053123 13:25:34  Sleeping until next water cycle - Seconds left: 94
053123 13:25:35  Sending data to sensor web API
053123 13:25:39  Sleeping until next water cycle - Seconds left: 89
053123 13:25:44  Sleeping until next water cycle - Seconds left: 84
053123 13:25:49  Sleeping until next water cycle - Seconds left: 79
053123 13:25:54  Sleeping until next water cycle - Seconds left: 74
053123 13:25:59  Sleeping until next water cycle - Seconds left: 69
053123 13:26:04  Sleeping until next water cycle - Seconds left: 64
053123 13:26:09  Sleeping until next water cycle - Seconds left: 59
053123 13:26:14  Sleeping until next water cycle - Seconds left: 54
053123 13:26:19  Sleeping until next water cycle - Seconds left: 49
053123 13:26:24  Sleeping until next water cycle - Seconds left: 44
053123 13:26:29  Sleeping until next water cycle - Seconds left: 39
053123 13:26:34  Sleeping until next water cycle - Seconds left: 34
053123 13:26:39  Sleeping until next water cycle - Seconds left: 29
053123 13:26:44  Sleeping until next water cycle - Seconds left: 24
053123 13:26:49  Sleeping until next water cycle - Seconds left: 19
053123 13:26:54  Sleeping until next water cycle - Seconds left: 14
053123 13:26:59  Sleeping until next water cycle - Seconds left: 9
053123 13:27:04  Sleeping until next water cycle - Seconds left: 4
053123 13:27:09  Starting Water Cycle - Flow = 0
053123 13:27:09  Sending data to pump web API
053123 13:27:09  Sending data to pump web API
053123 13:27:17  Sending data to pump web API
053123 13:27:18  Sending data to pump web API
053123 13:27:25  Sending data to pump web API
053123 13:27:27  Sending data to pump web API
053123 13:27:34  Sending data to pump web API
053123 13:27:35  Water Cycle Complete - Flow = 0
053123 13:27:35  Sending data to pump web API
053123 13:27:36  Auto pH enabled, Current pH: 3.945, Range goal (6.0 - 7.0)
053123 13:27:36  Making pH higher
053123 13:27:41  pH auto adjustment routine complete
053123 13:27:41  Sleeping until next water cycle - Seconds left: 900
053123 13:28:41  Sleeping until next water cycle - Seconds left: 840
053123 13:29:41  Sleeping until next water cycle - Seconds left: 780
053123 13:30:41  Sleeping until next water cycle - Seconds left: 720
053123 13:31:41  Sleeping until next water cycle - Seconds left: 660
053123 13:32:41  Sleeping until next water cycle - Seconds left: 600
053123 13:33:41  Sleeping until next water cycle - Seconds left: 540
