{
    "pump_status": "Starting Water Cycle",
    "flow_meter_rotations": 0,
    "accessed": "2023-05-24 00:04:45.822936"
}
Successful call
{
    "pump_status": "Valve 1 ON",
    "flow_meter_rotations": 0,
    "accessed": "2023-05-24 00:04:46.212681"
}
Successful call
{
    "pump_status": "Valve 1 OFF",
    "flow_meter_rotations": 0,
    "accessed": "2023-05-24 00:04:53.563563"
}
Successful call
{
    "pump_status": "Valve 2 ON",
    "flow_meter_rotations": 0,
    "accessed": "2023-05-24 00:04:54.972541"
}
Successful call
{
    "pump_status": "Valve 2 OFF",
    "flow_meter_rotations": 0,
    "accessed": "2023-05-24 00:05:02.358904"
}
Successful call
{
    "pump_status": "Valve 3 ON",
    "flow_meter_rotations": 0,
    "accessed": "2023-05-24 00:05:03.769320"
}
Successful call
{
    "pump_status": "Valve 3 OFF",
    "flow_meter_rotations": 0,
    "accessed": "2023-05-24 00:05:11.156621"
}
Successful call
{
    "pump_status": "End Water Cycle",
    "flow_meter_rotations": 0,
    "accessed": "2023-05-24 00:05:12.576633"
}
Successful call
{
    "pump_status": "Starting Water Cycle",
    "flow_meter_rotations": 0,
    "accessed": "2023-05-24 00:20:13.789593"
}
Successful call
{
    "pump_status": "Valve 1 ON",
    "flow_meter_rotations": 0,
    "accessed": "2023-05-24 00:20:14.205972"
}
Successful call
{
    "pump_status": "Valve 1 OFF",
    "flow_meter_rotations": 0,
    "accessed": "2023-05-24 00:20:21.580817"
}
Successful call
{
    "pump_status": "Valve 2 ON",
    "flow_meter_rotations": 0,
    "accessed": "2023-05-24 00:20:22.970864"
}
Successful call
{
    "pump_status": "Valve 2 OFF",
    "flow_meter_rotations": 0,
    "accessed": "2023-05-24 00:20:30.412478"
}
Successful call
{
    "pump_status": "Valve 3 ON",
    "flow_meter_rotations": 0,
    "accessed": "2023-05-24 00:20:31.766911"
}
Successful call
{
    "pump_status": "Valve 3 OFF",
    "flow_meter_rotations": 0,
    "accessed": "2023-05-24 00:20:39.123714"
}
Successful call
{
    "pump_status": "End Water Cycle",
    "flow_meter_rotations": 0,
    "accessed": "2023-05-24 00:20:40.502822"
}
Successful call
{
    "pump_status": "Starting Water Cycle",
    "flow_meter_rotations": 0,
    "accessed": "2023-05-24 00:35:41.799211"
}
Successful call
{
    "pump_status": "Valve 1 ON",
    "flow_meter_rotations": 0,
    "accessed": "2023-05-24 00:35:42.223015"
}
Successful call
{
    "pump_status": "Valve 1 OFF",
    "flow_meter_rotations": 0,
    "accessed": "2023-05-24 00:35:49.711108"
}
Successful call
{
    "pump_status": "Valve 2 ON",
    "flow_meter_rotations": 0,
    "accessed": "2023-05-24 00:35:51.086644"
}
Successful call
{
    "pump_status": "Valve 2 OFF",
    "flow_meter_rotations": 0,
    "accessed": "2023-05-24 00:35:58.448364"
}
Successful call
{
    "pump_status": "Valve 3 ON",
    "flow_meter_rotations": 0,
    "accessed": "2023-05-24 00:35:59.846591"
}
Successful call
{
    "pump_status": "Valve 3 OFF",
    "flow_meter_rotations": 0,
    "accessed": "2023-05-24 00:36:07.564857"
}
Successful call
{
    "pump_status": "End Water Cycle",
    "flow_meter_rotations": 0,
    "accessed": "2023-05-24 00:36:08.953077"
}
Successful call
{
    "pump_status": "Starting Water Cycle",
    "flow_meter_rotations": 0,
    "accessed": "2023-05-24 00:51:10.257782"
}
Successful call
{
    "pump_status": "Valve 1 ON",
    "flow_meter_rotations": 0,
    "accessed": "2023-05-24 00:51:10.658440"
}
Successful call
{
    "pump_status": "Valve 1 OFF",
    "flow_meter_rotations": 0,
    "accessed": "2023-05-24 00:51:18.127591"
}
Successful call
{
    "pump_status": "Valve 2 ON",
    "flow_meter_rotations": 0,
    "accessed": "2023-05-24 00:51:19.520633"
}
Successful call
{
    "pump_status": "Valve 2 OFF",
    "flow_meter_rotations": 0,
    "accessed": "2023-05-24 00:51:26.891678"
}
Successful call
{
    "pump_status": "Valve 3 ON",
    "flow_meter_rotations": 0,
    "accessed": "2023-05-24 00:51:28.517799"
}
Successful call
{
    "pump_status": "Valve 3 OFF",
    "flow_meter_rotations": 0,
    "accessed": "2023-05-24 00:51:35.854600"
}
Successful call
{
    "pump_status": "End Water Cycle",
    "flow_meter_rotations": 0,
    "accessed": "2023-05-24 00:51:37.226862"
}
Successful call
{
    "pump_status": "Starting Water Cycle",
    "flow_meter_rotations": 0,
    "accessed": "2023-05-24 01:06:38.574765"
}
Successful call
{
    "pump_status": "Valve 1 ON",
    "flow_meter_rotations": 0,
    "accessed": "2023-05-24 01:06:38.992830"
}
Successful call
{
    "pump_status": "Valve 1 OFF",
    "flow_meter_rotations": 0,
    "accessed": "2023-05-24 01:06:46.388505"
}
Successful call
{
    "pump_status": "Valve 2 ON",
    "flow_meter_rotations": 0,
    "accessed": "2023-05-24 01:06:47.779441"
}
Successful call
{
    "pump_status": "Valve 2 OFF",
    "flow_meter_rotations": 0,
    "accessed": "2023-05-24 01:06:55.142864"
}
Successful call
{
    "pump_status": "Valve 3 ON",
    "flow_meter_rotations": 0,
    "accessed": "2023-05-24 01:06:56.572426"
}
Successful call
{
    "pump_status": "Valve 3 OFF",
    "flow_meter_rotations": 0,
    "accessed": "2023-05-24 01:07:03.976404"
}
Successful call
{
    "pump_status": "End Water Cycle",
    "flow_meter_rotations": 0,
    "accessed": "2023-05-24 01:07:05.359906"
}
Successful call
{
    "pump_status": "Starting Water Cycle",
    "flow_meter_rotations": 0,
    "accessed": "2023-05-24 01:22:06.708383"
}
Successful call
{
    "pump_status": "Valve 1 ON",
    "flow_meter_rotations": 0,
    "accessed": "2023-05-24 01:22:07.105315"
}
Successful call
{
    "pump_status": "Valve 1 OFF",
    "flow_meter_rotations": 0,
    "accessed": "2023-05-24 01:22:14.464532"
}
Successful call
{
    "pump_status": "Valve 2 ON",
    "flow_meter_rotations": 0,
    "accessed": "2023-05-24 01:22:15.886661"
}
Successful call
{
    "pump_status": "Valve 2 OFF",
    "flow_meter_rotations": 0,
    "accessed": "2023-05-24 01:22:23.248558"
}
Successful call
{
    "pump_status": "Valve 3 ON",
    "flow_meter_rotations": 0,
    "accessed": "2023-05-24 01:22:25.108356"
}
Successful call
{
    "pump_status": "Valve 3 OFF",
    "flow_meter_rotations": 0,
    "accessed": "2023-05-24 01:22:33.033220"
}
Successful call
{
    "pump_status": "End Water Cycle",
    "flow_meter_rotations": 0,
    "accessed": "2023-05-24 01:22:34.424146"
}
Successful call
{
    "pump_status": "Starting Water Cycle",
    "flow_meter_rotations": 0,
    "accessed": "2023-05-24 01:37:35.748426"
}
Successful call
{
    "pump_status": "Valve 1 ON",
    "flow_meter_rotations": 0,
    "accessed": "2023-05-24 01:37:36.157626"
}
Successful call
{
    "pump_status": "Valve 1 OFF",
    "flow_meter_rotations": 0,
    "accessed": "2023-05-24 01:37:43.539358"
}
Successful call
{
    "pump_status": "Valve 2 ON",
    "flow_meter_rotations": 0,
    "accessed": "2023-05-24 01:37:44.920502"
}
Successful call
{
    "pump_status": "Valve 2 OFF",
    "flow_meter_rotations": 0,
    "accessed": "2023-05-24 01:37:52.286990"
}
Successful call
{
    "pump_status": "Valve 3 ON",
    "flow_meter_rotations": 0,
    "accessed": "2023-05-24 01:37:53.655527"
}
Successful call
{
    "pump_status": "Valve 3 OFF",
    "flow_meter_rotations": 0,
    "accessed": "2023-05-24 01:38:01.038214"
}
Successful call
{
    "pump_status": "End Water Cycle",
    "flow_meter_rotations": 0,
    "accessed": "2023-05-24 01:38:02.417461"
}
Successful call
{
    "pump_status": "Starting Water Cycle",
    "flow_meter_rotations": 0,
    "accessed": "2023-05-24 01:53:03.708184"
}
Successful call
{
    "pump_status": "Valve 1 ON",
    "flow_meter_rotations": 0,
    "accessed": "2023-05-24 01:53:04.121942"
}
Successful call
{
    "pump_status": "Valve 1 OFF",
    "flow_meter_rotations": 0,
    "accessed": "2023-05-24 01:53:11.529412"
}
Successful call
{
    "pump_status": "Valve 2 ON",
    "flow_meter_rotations": 0,
    "accessed": "2023-05-24 01:53:12.909547"
}
Successful call
{
    "pump_status": "Valve 2 OFF",
    "flow_meter_rotations": 0,
    "accessed": "2023-05-24 01:53:20.282040"
}
Successful call
{
    "pump_status": "Valve 3 ON",
    "flow_meter_rotations": 0,
    "accessed": "2023-05-24 01:53:21.677964"
}
Successful call
{
    "pump_status": "Valve 3 OFF",
    "flow_meter_rotations": 0,
    "accessed": "2023-05-24 01:53:29.047261"
}
Successful call
{
    "pump_status": "End Water Cycle",
    "flow_meter_rotations": 0,
    "accessed": "2023-05-24 01:53:30.412676"
}
Successful call
{
    "pump_status": "Starting Water Cycle",
    "flow_meter_rotations": 0,
    "accessed": "2023-05-24 02:08:31.691662"
}
Successful call
{
    "pump_status": "Valve 1 ON",
    "flow_meter_rotations": 0,
    "accessed": "2023-05-24 02:08:32.074113"
}
Successful call
{
    "pump_status": "Valve 1 OFF",
    "flow_meter_rotations": 0,
    "accessed": "2023-05-24 02:08:39.443648"
}
Successful call
{
    "pump_status": "Valve 2 ON",
    "flow_meter_rotations": 0,
    "accessed": "2023-05-24 02:08:40.870058"
}
Successful call
{
    "pump_status": "Valve 2 OFF",
    "flow_meter_rotations": 0,
    "accessed": "2023-05-24 02:08:48.234676"
}
Successful call
{
    "pump_status": "Valve 3 ON",
    "flow_meter_rotations": 0,
    "accessed": "2023-05-24 02:08:49.610191"
}
Successful call
{
    "pump_status": "Valve 3 OFF",
    "flow_meter_rotations": 0,
    "accessed": "2023-05-24 02:08:56.964392"
}
Successful call
{
    "pump_status": "End Water Cycle",
    "flow_meter_rotations": 0,
    "accessed": "2023-05-24 02:08:58.329288"
}
Successful call
{
    "pump_status": "Starting Water Cycle",
    "flow_meter_rotations": 0,
    "accessed": "2023-05-24 02:23:59.607067"
}
Successful call
{
    "pump_status": "Valve 1 ON",
    "flow_meter_rotations": 0,
    "accessed": "2023-05-24 02:24:00.011675"
}
Successful call
{
    "pump_status": "Valve 1 OFF",
    "flow_meter_rotations": 0,
    "accessed": "2023-05-24 02:24:07.427923"
}
Successful call
{
    "pump_status": "Valve 2 ON",
    "flow_meter_rotations": 0,
    "accessed": "2023-05-24 02:24:08.814036"
}
Successful call
{
    "pump_status": "Valve 2 OFF",
    "flow_meter_rotations": 0,
    "accessed": "2023-05-24 02:24:16.198808"
}
Successful call
{
    "pump_status": "Valve 3 ON",
    "flow_meter_rotations": 0,
    "accessed": "2023-05-24 02:24:17.565710"
}
Successful call
{
    "pump_status": "Valve 3 OFF",
    "flow_meter_rotations": 0,
    "accessed": "2023-05-24 02:24:24.947436"
}
Successful call
{
    "pump_status": "End Water Cycle",
    "flow_meter_rotations": 0,
    "accessed": "2023-05-24 02:24:27.957270"
}
Successful call
{
    "pump_status": "Starting Water Cycle",
    "flow_meter_rotations": 0,
    "accessed": "2023-05-24 02:39:29.231111"
}
Successful call
{
    "pump_status": "Valve 1 ON",
    "flow_meter_rotations": 0,
    "accessed": "2023-05-24 02:39:29.668752"
}
Successful call
{
    "pump_status": "Valve 1 OFF",
    "flow_meter_rotations": 0,
    "accessed": "2023-05-24 02:39:37.025198"
}
Successful call
{
    "pump_status": "Valve 2 ON",
    "flow_meter_rotations": 0,
    "accessed": "2023-05-24 02:39:38.435146"
}
Successful call
{
    "pump_status": "Valve 2 OFF",
    "flow_meter_rotations": 0,
    "accessed": "2023-05-24 02:39:45.868993"
}
Successful call
{
    "pump_status": "Valve 3 ON",
    "flow_meter_rotations": 0,
    "accessed": "2023-05-24 02:39:47.234995"
}
Successful call
{
    "pump_status": "Valve 3 OFF",
    "flow_meter_rotations": 0,
    "accessed": "2023-05-24 02:39:54.602119"
}
Successful call
{
    "pump_status": "End Water Cycle",
    "flow_meter_rotations": 0,
    "accessed": "2023-05-24 02:39:55.971535"
}
Successful call
{
    "pump_status": "Starting Water Cycle",
    "flow_meter_rotations": 0,
    "accessed": "2023-05-24 02:54:57.295231"
}
Successful call
{
    "pump_status": "Valve 1 ON",
    "flow_meter_rotations": 0,
    "accessed": "2023-05-24 02:54:57.685179"
}
Successful call
{
    "pump_status": "Valve 1 OFF",
    "flow_meter_rotations": 0,
    "accessed": "2023-05-24 02:55:05.048524"
}
Successful call
{
    "pump_status": "Valve 2 ON",
    "flow_meter_rotations": 0,
    "accessed": "2023-05-24 02:55:06.422882"
}
Successful call
{
    "pump_status": "Valve 2 OFF",
    "flow_meter_rotations": 0,
    "accessed": "2023-05-24 02:55:13.826482"
}
Successful call
{
    "pump_status": "Valve 3 ON",
    "flow_meter_rotations": 0,
    "accessed": "2023-05-24 02:55:15.192388"
}
Successful call
{
    "pump_status": "Valve 3 OFF",
    "flow_meter_rotations": 0,
    "accessed": "2023-05-24 02:55:22.594604"
}
Successful call
{
    "pump_status": "End Water Cycle",
    "flow_meter_rotations": 0,
    "accessed": "2023-05-24 02:55:23.974911"
}
Successful call
{
    "pump_status": "Starting Water Cycle",
    "flow_meter_rotations": 0,
    "accessed": "2023-05-24 03:10:25.948787"
}
Successful call
{
    "pump_status": "Valve 1 ON",
    "flow_meter_rotations": 0,
    "accessed": "2023-05-24 03:10:27.620682"
}
Successful call
{
    "pump_status": "Valve 1 OFF",
    "flow_meter_rotations": 0,
    "accessed": "2023-05-24 03:10:34.994471"
}
Successful call
{
    "pump_status": "Valve 2 ON",
    "flow_meter_rotations": 0,
    "accessed": "2023-05-24 03:10:36.381664"
}
Successful call
{
    "pump_status": "Valve 2 OFF",
    "flow_meter_rotations": 0,
    "accessed": "2023-05-24 03:10:43.752190"
}
Successful call
{
    "pump_status": "Valve 3 ON",
    "flow_meter_rotations": 0,
    "accessed": "2023-05-24 03:10:45.140816"
}
Successful call
{
    "pump_status": "Valve 3 OFF",
    "flow_meter_rotations": 0,
    "accessed": "2023-05-24 03:10:52.494283"
}
Successful call
{
    "pump_status": "End Water Cycle",
    "flow_meter_rotations": 0,
    "accessed": "2023-05-24 03:10:53.874417"
}
Successful call
{
    "pump_status": "Starting Water Cycle",
    "flow_meter_rotations": 0,
    "accessed": "2023-05-24 03:25:55.190714"
}
Successful call
{
    "pump_status": "Valve 1 ON",
    "flow_meter_rotations": 0,
    "accessed": "2023-05-24 03:25:55.593974"
}
Successful call
{
    "pump_status": "Valve 1 OFF",
    "flow_meter_rotations": 0,
    "accessed": "2023-05-24 03:26:02.974896"
}
Successful call
{
    "pump_status": "Valve 2 ON",
    "flow_meter_rotations": 0,
    "accessed": "2023-05-24 03:26:04.395924"
}
Successful call
{
    "pump_status": "Valve 2 OFF",
    "flow_meter_rotations": 0,
    "accessed": "2023-05-24 03:26:11.734815"
}
Successful call
{
    "pump_status": "Valve 3 ON",
    "flow_meter_rotations": 0,
    "accessed": "2023-05-24 03:26:13.149059"
}
Successful call
{
    "pump_status": "Valve 3 OFF",
    "flow_meter_rotations": 0,
    "accessed": "2023-05-24 03:26:20.510161"
}
Successful call
{
    "pump_status": "End Water Cycle",
    "flow_meter_rotations": 0,
    "accessed": "2023-05-24 03:26:21.867555"
}
Successful call
{
    "pump_status": "Starting Water Cycle",
    "flow_meter_rotations": 0,
    "accessed": "2023-05-24 03:41:23.152046"
}
Successful call
{
    "pump_status": "Valve 1 ON",
    "flow_meter_rotations": 0,
    "accessed": "2023-05-24 03:41:23.711690"
}
Successful call
{
    "pump_status": "Valve 1 OFF",
    "flow_meter_rotations": 0,
    "accessed": "2023-05-24 03:41:31.261345"
}
Successful call
{
    "pump_status": "Valve 2 ON",
    "flow_meter_rotations": 0,
    "accessed": "2023-05-24 03:41:32.653840"
}
Successful call
{
    "pump_status": "Valve 2 OFF",
    "flow_meter_rotations": 0,
    "accessed": "2023-05-24 03:41:40.054950"
}
Successful call
{
    "pump_status": "Valve 3 ON",
    "flow_meter_rotations": 0,
    "accessed": "2023-05-24 03:41:41.428689"
}
Successful call
{
    "pump_status": "Valve 3 OFF",
    "flow_meter_rotations": 0,
    "accessed": "2023-05-24 03:41:48.803762"
}
Successful call
{
    "pump_status": "End Water Cycle",
    "flow_meter_rotations": 0,
    "accessed": "2023-05-24 03:41:50.162406"
}
Successful call
{
    "pump_status": "Starting Water Cycle",
    "flow_meter_rotations": 0,
    "accessed": "2023-05-24 03:56:51.608475"
}
Successful call
{
    "pump_status": "Valve 1 ON",
    "flow_meter_rotations": 0,
    "accessed": "2023-05-24 03:56:52.082945"
}
Successful call
{
    "pump_status": "Valve 1 OFF",
    "flow_meter_rotations": 0,
    "accessed": "2023-05-24 03:56:59.463658"
}
Successful call
{
    "pump_status": "Valve 2 ON",
    "flow_meter_rotations": 0,
    "accessed": "2023-05-24 03:57:00.890692"
}
Successful call
{
    "pump_status": "Valve 2 OFF",
    "flow_meter_rotations": 0,
    "accessed": "2023-05-24 03:57:08.291706"
}
Successful call
{
    "pump_status": "Valve 3 ON",
    "flow_meter_rotations": 0,
    "accessed": "2023-05-24 03:57:09.647697"
}
Successful call
{
    "pump_status": "Valve 3 OFF",
    "flow_meter_rotations": 0,
    "accessed": "2023-05-24 03:57:17.020861"
}
Successful call
{
    "pump_status": "End Water Cycle",
    "flow_meter_rotations": 0,
    "accessed": "2023-05-24 03:57:18.387705"
}
Successful call
{
    "pump_status": "Starting Water Cycle",
    "flow_meter_rotations": 0,
    "accessed": "2023-05-24 04:12:19.678470"
}
Successful call
{
    "pump_status": "Valve 1 ON",
    "flow_meter_rotations": 0,
    "accessed": "2023-05-24 04:12:20.085112"
}
Successful call
{
    "pump_status": "Valve 1 OFF",
    "flow_meter_rotations": 0,
    "accessed": "2023-05-24 04:12:27.489182"
}
Successful call
{
    "pump_status": "Valve 2 ON",
    "flow_meter_rotations": 0,
    "accessed": "2023-05-24 04:12:28.899505"
}
Successful call
{
    "pump_status": "Valve 2 OFF",
    "flow_meter_rotations": 0,
    "accessed": "2023-05-24 04:12:36.224371"
}
Successful call
{
    "pump_status": "Valve 3 ON",
    "flow_meter_rotations": 0,
    "accessed": "2023-05-24 04:12:37.583090"
}
Successful call
{
    "pump_status": "Valve 3 OFF",
    "flow_meter_rotations": 0,
    "accessed": "2023-05-24 04:12:44.950579"
}
Successful call
{
    "pump_status": "End Water Cycle",
    "flow_meter_rotations": 0,
    "accessed": "2023-05-24 04:12:46.366802"
}
Successful call
{
    "pump_status": "Starting Water Cycle",
    "flow_meter_rotations": 0,
    "accessed": "2023-05-24 04:27:47.582244"
}
Successful call
{
    "pump_status": "Valve 1 ON",
    "flow_meter_rotations": 0,
    "accessed": "2023-05-24 04:27:47.987110"
}
Successful call
{
    "pump_status": "Valve 1 OFF",
    "flow_meter_rotations": 0,
    "accessed": "2023-05-24 04:27:55.349142"
}
Successful call
{
    "pump_status": "Valve 2 ON",
    "flow_meter_rotations": 0,
    "accessed": "2023-05-24 04:27:56.712264"
}
Successful call
{
    "pump_status": "Valve 2 OFF",
    "flow_meter_rotations": 0,
    "accessed": "2023-05-24 04:28:04.083448"
}
Successful call
{
    "pump_status": "Valve 3 ON",
    "flow_meter_rotations": 0,
    "accessed": "2023-05-24 04:28:05.450052"
}
Successful call
{
    "pump_status": "Valve 3 OFF",
    "flow_meter_rotations": 0,
    "accessed": "2023-05-24 04:28:12.895970"
}
Successful call
{
    "pump_status": "End Water Cycle",
    "flow_meter_rotations": 0,
    "accessed": "2023-05-24 04:28:14.248384"
}
Successful call
{
    "pump_status": "Starting Water Cycle",
    "flow_meter_rotations": 0,
    "accessed": "2023-05-24 04:43:15.595307"
}
Successful call
{
    "pump_status": "Valve 1 ON",
    "flow_meter_rotations": 0,
    "accessed": "2023-05-24 04:43:16.009251"
}
Successful call
{
    "pump_status": "Valve 1 OFF",
    "flow_meter_rotations": 0,
    "accessed": "2023-05-24 04:43:23.400629"
}
Successful call
{
    "pump_status": "Valve 2 ON",
    "flow_meter_rotations": 0,
    "accessed": "2023-05-24 04:43:25.136207"
}
Successful call
{
    "pump_status": "Valve 2 OFF",
    "flow_meter_rotations": 0,
    "accessed": "2023-05-24 04:43:32.843646"
}
Successful call
{
    "pump_status": "Valve 3 ON",
    "flow_meter_rotations": 0,
    "accessed": "2023-05-24 04:43:34.231477"
}
Successful call
{
    "pump_status": "Valve 3 OFF",
    "flow_meter_rotations": 0,
    "accessed": "2023-05-24 04:43:41.611703"
}
Successful call
{
    "pump_status": "End Water Cycle",
    "flow_meter_rotations": 0,
    "accessed": "2023-05-24 04:43:42.975208"
}
Successful call
{
    "pump_status": "Starting Water Cycle",
    "flow_meter_rotations": 0,
    "accessed": "2023-05-24 04:58:44.314535"
}
Successful call
{
    "pump_status": "Valve 1 ON",
    "flow_meter_rotations": 0,
    "accessed": "2023-05-24 04:58:44.733933"
}
Successful call
{
    "pump_status": "Valve 1 OFF",
    "flow_meter_rotations": 0,
    "accessed": "2023-05-24 04:58:52.092712"
}
Successful call
{
    "pump_status": "Valve 2 ON",
    "flow_meter_rotations": 0,
    "accessed": "2023-05-24 04:58:53.457034"
}
Successful call
{
    "pump_status": "Valve 2 OFF",
    "flow_meter_rotations": 0,
    "accessed": "2023-05-24 04:59:00.865358"
}
Successful call
{
    "pump_status": "Valve 3 ON",
    "flow_meter_rotations": 0,
    "accessed": "2023-05-24 04:59:02.234613"
}
Successful call
{
    "pump_status": "Valve 3 OFF",
    "flow_meter_rotations": 0,
    "accessed": "2023-05-24 04:59:09.622219"
}
Successful call
{
    "pump_status": "End Water Cycle",
    "flow_meter_rotations": 0,
    "accessed": "2023-05-24 04:59:10.998490"
}
Successful call
{
    "pump_status": "Starting Water Cycle",
    "flow_meter_rotations": 0,
    "accessed": "2023-05-24 05:14:12.340018"
}
Successful call
{
    "pump_status": "Valve 1 ON",
    "flow_meter_rotations": 0,
    "accessed": "2023-05-24 05:14:12.752505"
}
Successful call
{
    "pump_status": "Valve 1 OFF",
    "flow_meter_rotations": 0,
    "accessed": "2023-05-24 05:14:20.293568"
}
Successful call
{
    "pump_status": "Valve 2 ON",
    "flow_meter_rotations": 0,
    "accessed": "2023-05-24 05:14:21.692587"
}
Successful call
{
    "pump_status": "Valve 2 OFF",
    "flow_meter_rotations": 0,
    "accessed": "2023-05-24 05:14:29.079179"
}
Successful call
{
    "pump_status": "Valve 3 ON",
    "flow_meter_rotations": 0,
    "accessed": "2023-05-24 05:14:30.437170"
}
Successful call
{
    "pump_status": "Valve 3 OFF",
    "flow_meter_rotations": 0,
    "accessed": "2023-05-24 05:14:37.811156"
}
Successful call
{
    "pump_status": "End Water Cycle",
    "flow_meter_rotations": 0,
    "accessed": "2023-05-24 05:14:39.196878"
}
Successful call
{
    "pump_status": "Starting Water Cycle",
    "flow_meter_rotations": 0,
    "accessed": "2023-05-24 05:29:40.776205"
}
Successful call
{
    "pump_status": "Valve 1 ON",
    "flow_meter_rotations": 0,
    "accessed": "2023-05-24 05:29:41.163425"
}
Successful call
{
    "pump_status": "Valve 1 OFF",
    "flow_meter_rotations": 0,
    "accessed": "2023-05-24 05:29:48.523084"
}
Successful call
{
    "pump_status": "Valve 2 ON",
    "flow_meter_rotations": 0,
    "accessed": "2023-05-24 05:29:49.923324"
}
Successful call
{
    "pump_status": "Valve 2 OFF",
    "flow_meter_rotations": 0,
    "accessed": "2023-05-24 05:29:57.309809"
}
Successful call
{
    "pump_status": "Valve 3 ON",
    "flow_meter_rotations": 0,
    "accessed": "2023-05-24 05:29:58.697745"
}
Successful call
{
    "pump_status": "Valve 3 OFF",
    "flow_meter_rotations": 0,
    "accessed": "2023-05-24 05:30:06.052899"
}
Successful call
{
    "pump_status": "End Water Cycle",
    "flow_meter_rotations": 0,
    "accessed": "2023-05-24 05:30:07.423351"
}
Successful call
{
    "pump_status": "Starting Water Cycle",
    "flow_meter_rotations": 0,
    "accessed": "2023-05-24 05:45:08.702849"
}
Successful call
{
    "pump_status": "Valve 1 ON",
    "flow_meter_rotations": 0,
    "accessed": "2023-05-24 05:45:09.082024"
}
Successful call
{
    "pump_status": "Valve 1 OFF",
    "flow_meter_rotations": 0,
    "accessed": "2023-05-24 05:45:16.480911"
}
Successful call
{
    "pump_status": "Valve 2 ON",
    "flow_meter_rotations": 0,
    "accessed": "2023-05-24 05:45:17.855965"
}
Successful call
{
    "pump_status": "Valve 2 OFF",
    "flow_meter_rotations": 0,
    "accessed": "2023-05-24 05:45:25.216943"
}
Successful call
{
    "pump_status": "Valve 3 ON",
    "flow_meter_rotations": 0,
    "accessed": "2023-05-24 05:45:27.091496"
}
Successful call
{
    "pump_status": "Valve 3 OFF",
    "flow_meter_rotations": 0,
    "accessed": "2023-05-24 05:45:34.631476"
}
Successful call
{
    "pump_status": "End Water Cycle",
    "flow_meter_rotations": 0,
    "accessed": "2023-05-24 05:45:36.003500"
}
Successful call
{
    "pump_status": "Starting Water Cycle",
    "flow_meter_rotations": 0,
    "accessed": "2023-05-24 06:00:37.276502"
}
Successful call
{
    "pump_status": "Valve 1 ON",
    "flow_meter_rotations": 0,
    "accessed": "2023-05-24 06:00:37.694710"
}
Successful call
{
    "pump_status": "Valve 1 OFF",
    "flow_meter_rotations": 0,
    "accessed": "2023-05-24 06:00:45.114992"
}
Successful call
{
    "pump_status": "Valve 2 ON",
    "flow_meter_rotations": 0,
    "accessed": "2023-05-24 06:00:46.505192"
}
Successful call
{
    "pump_status": "Valve 2 OFF",
    "flow_meter_rotations": 0,
    "accessed": "2023-05-24 06:00:53.876989"
}
Successful call
{
    "pump_status": "Valve 3 ON",
    "flow_meter_rotations": 0,
    "accessed": "2023-05-24 06:00:55.280951"
}
Successful call
{
    "pump_status": "Valve 3 OFF",
    "flow_meter_rotations": 0,
    "accessed": "2023-05-24 06:01:02.704520"
}
Successful call
{
    "pump_status": "End Water Cycle",
    "flow_meter_rotations": 0,
    "accessed": "2023-05-24 06:01:04.082237"
}
Successful call
{
    "pump_status": "Starting Water Cycle",
    "flow_meter_rotations": 0,
    "accessed": "2023-05-24 06:16:05.331040"
}
Successful call
{
    "pump_status": "Valve 1 ON",
    "flow_meter_rotations": 0,
    "accessed": "2023-05-24 06:16:05.719236"
}
Successful call
{
    "pump_status": "Valve 1 OFF",
    "flow_meter_rotations": 0,
    "accessed": "2023-05-24 06:16:13.119172"
}
Successful call
{
    "pump_status": "Valve 2 ON",
    "flow_meter_rotations": 0,
    "accessed": "2023-05-24 06:16:14.510266"
}
Successful call
{
    "pump_status": "Valve 2 OFF",
    "flow_meter_rotations": 0,
    "accessed": "2023-05-24 06:16:21.872318"
}
Successful call
{
    "pump_status": "Valve 3 ON",
    "flow_meter_rotations": 0,
    "accessed": "2023-05-24 06:16:23.237141"
}
Successful call
{
    "pump_status": "Valve 3 OFF",
    "flow_meter_rotations": 0,
    "accessed": "2023-05-24 06:16:30.710850"
}
Successful call
{
    "pump_status": "End Water Cycle",
    "flow_meter_rotations": 0,
    "accessed": "2023-05-24 06:16:32.082565"
}
Successful call
{
    "pump_status": "Starting Water Cycle",
    "flow_meter_rotations": 0,
    "accessed": "2023-05-24 06:31:33.398868"
}
Successful call
{
    "pump_status": "Valve 1 ON",
    "flow_meter_rotations": 0,
    "accessed": "2023-05-24 06:31:33.841667"
}
Successful call
{
    "pump_status": "Valve 1 OFF",
    "flow_meter_rotations": 0,
    "accessed": "2023-05-24 06:31:41.200691"
}
Successful call
{
    "pump_status": "Valve 2 ON",
    "flow_meter_rotations": 0,
    "accessed": "2023-05-24 06:31:42.578009"
}
Successful call
{
    "pump_status": "Valve 2 OFF",
    "flow_meter_rotations": 0,
    "accessed": "2023-05-24 06:31:50.100439"
}
Successful call
{
    "pump_status": "Valve 3 ON",
    "flow_meter_rotations": 0,
    "accessed": "2023-05-24 06:31:51.499019"
}
Successful call
{
    "pump_status": "Valve 3 OFF",
    "flow_meter_rotations": 0,
    "accessed": "2023-05-24 06:31:58.869330"
}
Successful call
{
    "pump_status": "End Water Cycle",
    "flow_meter_rotations": 0,
    "accessed": "2023-05-24 06:32:00.259852"
}
Successful call
{
    "pump_status": "Starting Water Cycle",
    "flow_meter_rotations": 0,
    "accessed": "2023-05-24 06:47:01.516012"
}
Successful call
{
    "pump_status": "Valve 1 ON",
    "flow_meter_rotations": 0,
    "accessed": "2023-05-24 06:47:01.924208"
}
Successful call
{
    "pump_status": "Valve 1 OFF",
    "flow_meter_rotations": 0,
    "accessed": "2023-05-24 06:47:09.326074"
}
Successful call
{
    "pump_status": "Valve 2 ON",
    "flow_meter_rotations": 0,
    "accessed": "2023-05-24 06:47:10.750826"
}
Successful call
{
    "pump_status": "Valve 2 OFF",
    "flow_meter_rotations": 0,
    "accessed": "2023-05-24 06:47:18.173908"
}
Successful call
{
    "pump_status": "Valve 3 ON",
    "flow_meter_rotations": 0,
    "accessed": "2023-05-24 06:47:19.552570"
}
Successful call
{
    "pump_status": "Valve 3 OFF",
    "flow_meter_rotations": 0,
    "accessed": "2023-05-24 06:47:26.912896"
}
Successful call
{
    "pump_status": "End Water Cycle",
    "flow_meter_rotations": 0,
    "accessed": "2023-05-24 06:47:28.705880"
}
Successful call
{
    "pump_status": "Starting Water Cycle",
    "flow_meter_rotations": 0,
    "accessed": "2023-05-24 07:02:29.971570"
}
Successful call
{
    "pump_status": "Valve 1 ON",
    "flow_meter_rotations": 0,
    "accessed": "2023-05-24 07:02:30.408073"
}
Successful call
{
    "pump_status": "Valve 1 OFF",
    "flow_meter_rotations": 0,
    "accessed": "2023-05-24 07:02:37.772720"
}
Successful call
{
    "pump_status": "Valve 2 ON",
    "flow_meter_rotations": 0,
    "accessed": "2023-05-24 07:02:39.224825"
}
Successful call
{
    "pump_status": "Valve 2 OFF",
    "flow_meter_rotations": 0,
    "accessed": "2023-05-24 07:02:46.680553"
}
Successful call
{
    "pump_status": "Valve 3 ON",
    "flow_meter_rotations": 0,
    "accessed": "2023-05-24 07:02:48.119821"
}
Successful call
{
    "pump_status": "Valve 3 OFF",
    "flow_meter_rotations": 0,
    "accessed": "2023-05-24 07:02:55.517813"
}
Successful call
{
    "pump_status": "End Water Cycle",
    "flow_meter_rotations": 0,
    "accessed": "2023-05-24 07:02:56.906893"
}
Successful call
{
    "pump_status": "Starting Water Cycle",
    "flow_meter_rotations": 0,
    "accessed": "2023-05-24 07:17:58.235025"
}
Successful call
{
    "pump_status": "Valve 1 ON",
    "flow_meter_rotations": 0,
    "accessed": "2023-05-24 07:17:58.626060"
}
Successful call
{
    "pump_status": "Valve 1 OFF",
    "flow_meter_rotations": 0,
    "accessed": "2023-05-24 07:18:05.998306"
}
Successful call
{
    "pump_status": "Valve 2 ON",
    "flow_meter_rotations": 0,
    "accessed": "2023-05-24 07:18:07.417228"
}
Successful call
{
    "pump_status": "Valve 2 OFF",
    "flow_meter_rotations": 0,
    "accessed": "2023-05-24 07:18:14.775434"
}
Successful call
{
    "pump_status": "Valve 3 ON",
    "flow_meter_rotations": 0,
    "accessed": "2023-05-24 07:18:16.211295"
}
Successful call
{
    "pump_status": "Valve 3 OFF",
    "flow_meter_rotations": 0,
    "accessed": "2023-05-24 07:18:23.578092"
}
Successful call
{
    "pump_status": "End Water Cycle",
    "flow_meter_rotations": 0,
    "accessed": "2023-05-24 07:18:25.272760"
}
Successful call
{
    "pump_status": "Starting Water Cycle",
    "flow_meter_rotations": 0,
    "accessed": "2023-05-24 07:33:26.898035"
}
Successful call
{
    "pump_status": "Valve 1 ON",
    "flow_meter_rotations": 0,
    "accessed": "2023-05-24 07:33:27.879690"
}
Successful call
{
    "pump_status": "Valve 1 OFF",
    "flow_meter_rotations": 0,
    "accessed": "2023-05-24 07:33:35.244348"
}
Successful call
{
    "pump_status": "Valve 2 ON",
    "flow_meter_rotations": 0,
    "accessed": "2023-05-24 07:33:36.612038"
}
Successful call
{
    "pump_status": "Valve 2 OFF",
    "flow_meter_rotations": 0,
    "accessed": "2023-05-24 07:33:43.977924"
}
Successful call
{
    "pump_status": "Valve 3 ON",
    "flow_meter_rotations": 0,
    "accessed": "2023-05-24 07:33:45.356284"
}
Successful call
{
    "pump_status": "Valve 3 OFF",
    "flow_meter_rotations": 0,
    "accessed": "2023-05-24 07:33:52.750534"
}
Successful call
{
    "pump_status": "End Water Cycle",
    "flow_meter_rotations": 0,
    "accessed": "2023-05-24 07:33:54.132093"
}
Successful call
{
    "pump_status": "Starting Water Cycle",
    "flow_meter_rotations": 0,
    "accessed": "2023-05-24 07:48:55.422726"
}
Successful call
{
    "pump_status": "Valve 1 ON",
    "flow_meter_rotations": 0,
    "accessed": "2023-05-24 07:48:55.824850"
}
Successful call
{
    "pump_status": "Valve 1 OFF",
    "flow_meter_rotations": 0,
    "accessed": "2023-05-24 07:49:03.185317"
}
Successful call
{
    "pump_status": "Valve 2 ON",
    "flow_meter_rotations": 0,
    "accessed": "2023-05-24 07:49:04.553435"
}
Successful call
{
    "pump_status": "Valve 2 OFF",
    "flow_meter_rotations": 0,
    "accessed": "2023-05-24 07:49:11.903011"
}
Successful call
{
    "pump_status": "Valve 3 ON",
    "flow_meter_rotations": 0,
    "accessed": "2023-05-24 07:49:13.270569"
}
Successful call
{
    "pump_status": "Valve 3 OFF",
    "flow_meter_rotations": 0,
    "accessed": "2023-05-24 07:49:20.635699"
}
Successful call
{
    "pump_status": "End Water Cycle",
    "flow_meter_rotations": 0,
    "accessed": "2023-05-24 07:49:22.129184"
}
Successful call
{
    "pump_status": "Starting Water Cycle",
    "flow_meter_rotations": 0,
    "accessed": "2023-05-24 08:04:23.397624"
}
Successful call
{
    "pump_status": "Valve 1 ON",
    "flow_meter_rotations": 0,
    "accessed": "2023-05-24 08:04:24.076853"
}
Successful call
{
    "pump_status": "Valve 1 OFF",
    "flow_meter_rotations": 0,
    "accessed": "2023-05-24 08:04:31.808802"
}
Successful call
{
    "pump_status": "Valve 2 ON",
    "flow_meter_rotations": 0,
    "accessed": "2023-05-24 08:04:33.204591"
}
Successful call
{
    "pump_status": "Valve 2 OFF",
    "flow_meter_rotations": 0,
    "accessed": "2023-05-24 08:04:40.598466"
}
Successful call
{
    "pump_status": "Valve 3 ON",
    "flow_meter_rotations": 0,
    "accessed": "2023-05-24 08:04:42.005864"
}
Successful call
{
    "pump_status": "Valve 3 OFF",
    "flow_meter_rotations": 0,
    "accessed": "2023-05-24 08:04:49.764129"
}
Successful call
{
    "pump_status": "End Water Cycle",
    "flow_meter_rotations": 0,
    "accessed": "2023-05-24 08:04:51.143761"
}
Successful call
{
    "pump_status": "Starting Water Cycle",
    "flow_meter_rotations": 0,
    "accessed": "2023-05-24 08:19:52.367762"
}
Successful call
{
    "pump_status": "Valve 1 ON",
    "flow_meter_rotations": 0,
    "accessed": "2023-05-24 08:19:52.738663"
}
Successful call
{
    "pump_status": "Valve 1 OFF",
    "flow_meter_rotations": 0,
    "accessed": "2023-05-24 08:20:00.102446"
}
Successful call
{
    "pump_status": "Valve 2 ON",
    "flow_meter_rotations": 0,
    "accessed": "2023-05-24 08:20:01.618667"
}
Successful call
{
    "pump_status": "Valve 2 OFF",
    "flow_meter_rotations": 0,
    "accessed": "2023-05-24 08:20:08.996076"
}
Successful call
{
    "pump_status": "Valve 3 ON",
    "flow_meter_rotations": 0,
    "accessed": "2023-05-24 08:20:10.386709"
}
Successful call
{
    "pump_status": "Valve 3 OFF",
    "flow_meter_rotations": 0,
    "accessed": "2023-05-24 08:20:17.744337"
}
Successful call
{
    "pump_status": "End Water Cycle",
    "flow_meter_rotations": 0,
    "accessed": "2023-05-24 08:20:19.130635"
}
Successful call
{
    "pump_status": "Starting Water Cycle",
    "flow_meter_rotations": 0,
    "accessed": "2023-05-24 08:35:20.460105"
}
Successful call
{
    "pump_status": "Valve 1 ON",
    "flow_meter_rotations": 0,
    "accessed": "2023-05-24 08:35:20.849461"
}
Successful call
{
    "pump_status": "Valve 1 OFF",
    "flow_meter_rotations": 0,
    "accessed": "2023-05-24 08:35:28.216605"
}
Successful call
{
    "pump_status": "Valve 2 ON",
    "flow_meter_rotations": 0,
    "accessed": "2023-05-24 08:35:29.589207"
}
Successful call
{
    "pump_status": "Valve 2 OFF",
    "flow_meter_rotations": 0,
    "accessed": "2023-05-24 08:35:36.957517"
}
Successful call
{
    "pump_status": "Valve 3 ON",
    "flow_meter_rotations": 0,
    "accessed": "2023-05-24 08:35:43.343555"
}
Successful call
{
    "pump_status": "Valve 3 OFF",
    "flow_meter_rotations": 0,
    "accessed": "2023-05-24 08:35:50.715744"
}
Successful call
{
    "pump_status": "End Water Cycle",
    "flow_meter_rotations": 0,
    "accessed": "2023-05-24 08:35:52.269643"
}
Successful call
{
    "pump_status": "Starting Water Cycle",
    "flow_meter_rotations": 0,
    "accessed": "2023-05-24 08:50:53.604940"
}
Successful call
{
    "pump_status": "Valve 1 ON",
    "flow_meter_rotations": 0,
    "accessed": "2023-05-24 08:50:54.032131"
}
Successful call
{
    "pump_status": "Valve 1 OFF",
    "flow_meter_rotations": 0,
    "accessed": "2023-05-24 08:51:01.394466"
}
Successful call
{
    "pump_status": "Valve 2 ON",
    "flow_meter_rotations": 0,
    "accessed": "2023-05-24 08:51:02.774768"
}
Successful call
{
    "pump_status": "Valve 2 OFF",
    "flow_meter_rotations": 0,
    "accessed": "2023-05-24 08:51:10.146095"
}
Successful call
{
    "pump_status": "Valve 3 ON",
    "flow_meter_rotations": 0,
    "accessed": "2023-05-24 08:51:11.535837"
}
Successful call
{
    "pump_status": "Valve 3 OFF",
    "flow_meter_rotations": 0,
    "accessed": "2023-05-24 08:51:19.087632"
}
Successful call
{
    "pump_status": "End Water Cycle",
    "flow_meter_rotations": 0,
    "accessed": "2023-05-24 08:51:20.479776"
}
Successful call
{
    "pump_status": "Starting Water Cycle",
    "flow_meter_rotations": 0,
    "accessed": "2023-05-24 09:06:21.826227"
}
Successful call
{
    "pump_status": "Valve 1 ON",
    "flow_meter_rotations": 0,
    "accessed": "2023-05-24 09:06:22.279786"
}
Successful call
{
    "pump_status": "Valve 1 OFF",
    "flow_meter_rotations": 0,
    "accessed": "2023-05-24 09:06:29.691711"
}
Successful call
{
    "pump_status": "Valve 2 ON",
    "flow_meter_rotations": 0,
    "accessed": "2023-05-24 09:06:31.112213"
}
Successful call
{
    "pump_status": "Valve 2 OFF",
    "flow_meter_rotations": 0,
    "accessed": "2023-05-24 09:06:38.489370"
}
Successful call
{
    "pump_status": "Valve 3 ON",
    "flow_meter_rotations": 0,
    "accessed": "2023-05-24 09:06:39.902378"
}
Successful call
{
    "pump_status": "Valve 3 OFF",
    "flow_meter_rotations": 0,
    "accessed": "2023-05-24 09:06:47.266467"
}
Successful call
{
    "pump_status": "End Water Cycle",
    "flow_meter_rotations": 0,
    "accessed": "2023-05-24 09:06:48.643830"
}
Successful call
{
    "pump_status": "Starting Water Cycle",
    "flow_meter_rotations": 0,
    "accessed": "2023-05-24 09:21:49.846888"
}
Successful call
{
    "pump_status": "Valve 1 ON",
    "flow_meter_rotations": 0,
    "accessed": "2023-05-24 09:21:50.316405"
}
Successful call
{
    "pump_status": "Valve 1 OFF",
    "flow_meter_rotations": 0,
    "accessed": "2023-05-24 09:21:57.682482"
}
Successful call
{
    "pump_status": "Valve 2 ON",
    "flow_meter_rotations": 0,
    "accessed": "2023-05-24 09:21:59.060540"
}
Successful call
{
    "pump_status": "Valve 2 OFF",
    "flow_meter_rotations": 0,
    "accessed": "2023-05-24 09:22:06.453773"
}
Successful call
{
    "pump_status": "Valve 3 ON",
    "flow_meter_rotations": 0,
    "accessed": "2023-05-24 09:22:07.832538"
}
Successful call
{
    "pump_status": "Valve 3 OFF",
    "flow_meter_rotations": 0,
    "accessed": "2023-05-24 09:22:15.229740"
}
Successful call
{
    "pump_status": "End Water Cycle",
    "flow_meter_rotations": 0,
    "accessed": "2023-05-24 09:22:16.638188"
}
Successful call
{
    "pump_status": "Starting Water Cycle",
    "flow_meter_rotations": 0,
    "accessed": "2023-05-24 09:37:17.937105"
}
Successful call
{
    "pump_status": "Valve 1 ON",
    "flow_meter_rotations": 0,
    "accessed": "2023-05-24 09:37:18.384299"
}
Successful call
{
    "pump_status": "Valve 1 OFF",
    "flow_meter_rotations": 0,
    "accessed": "2023-05-24 09:37:25.750386"
}
Successful call
{
    "pump_status": "Valve 2 ON",
    "flow_meter_rotations": 0,
    "accessed": "2023-05-24 09:37:27.462987"
}
Successful call
{
    "pump_status": "Valve 2 OFF",
    "flow_meter_rotations": 0,
    "accessed": "2023-05-24 09:37:34.966604"
}
Successful call
{
    "pump_status": "Valve 3 ON",
    "flow_meter_rotations": 0,
    "accessed": "2023-05-24 09:37:36.352635"
}
Successful call
{
    "pump_status": "Valve 3 OFF",
    "flow_meter_rotations": 0,
    "accessed": "2023-05-24 09:37:43.796215"
}
Successful call
{
    "pump_status": "End Water Cycle",
    "flow_meter_rotations": 0,
    "accessed": "2023-05-24 09:37:45.271788"
}
Successful call
{
    "pump_status": "Starting Water Cycle",
    "flow_meter_rotations": 0,
    "accessed": "2023-05-24 09:52:46.483683"
}
Successful call
{
    "pump_status": "Valve 1 ON",
    "flow_meter_rotations": 0,
    "accessed": "2023-05-24 09:52:46.954166"
}
Successful call
{
    "pump_status": "Valve 1 OFF",
    "flow_meter_rotations": 0,
    "accessed": "2023-05-24 09:52:54.363991"
}
Successful call
{
    "pump_status": "Valve 2 ON",
    "flow_meter_rotations": 0,
    "accessed": "2023-05-24 09:52:55.760299"
}
Successful call
{
    "pump_status": "Valve 2 OFF",
    "flow_meter_rotations": 0,
    "accessed": "2023-05-24 09:53:03.186011"
}
Successful call
{
    "pump_status": "Valve 3 ON",
    "flow_meter_rotations": 0,
    "accessed": "2023-05-24 09:53:04.596429"
}
Successful call
{
    "pump_status": "Valve 3 OFF",
    "flow_meter_rotations": 0,
    "accessed": "2023-05-24 09:53:11.948378"
}
Successful call
{
    "pump_status": "End Water Cycle",
    "flow_meter_rotations": 0,
    "accessed": "2023-05-24 09:53:13.320719"
}
Successful call
{
    "pump_status": "Starting Water Cycle",
    "flow_meter_rotations": 0,
    "accessed": "2023-05-24 10:08:14.602512"
}
Successful call
{
    "pump_status": "Valve 1 ON",
    "flow_meter_rotations": 0,
    "accessed": "2023-05-24 10:08:15.103632"
}
Successful call
{
    "pump_status": "Valve 1 OFF",
    "flow_meter_rotations": 0,
    "accessed": "2023-05-24 10:08:22.500080"
}
Successful call
{
    "pump_status": "Valve 2 ON",
    "flow_meter_rotations": 0,
    "accessed": "2023-05-24 10:08:23.872834"
}
Successful call
{
    "pump_status": "Valve 2 OFF",
    "flow_meter_rotations": 0,
    "accessed": "2023-05-24 10:08:31.586184"
}
Successful call
{
    "pump_status": "Valve 3 ON",
    "flow_meter_rotations": 0,
    "accessed": "2023-05-24 10:08:32.949479"
}
Successful call
{
    "pump_status": "Valve 3 OFF",
    "flow_meter_rotations": 0,
    "accessed": "2023-05-24 10:08:40.340872"
}
Successful call
{
    "pump_status": "End Water Cycle",
    "flow_meter_rotations": 0,
    "accessed": "2023-05-24 10:08:41.726949"
}
Successful call
{
    "pump_status": "Starting Water Cycle",
    "flow_meter_rotations": 0,
    "accessed": "2023-05-24 10:23:43.022605"
}
Successful call
{
    "pump_status": "Valve 1 ON",
    "flow_meter_rotations": 0,
    "accessed": "2023-05-24 10:23:43.459292"
}
Successful call
{
    "pump_status": "Valve 1 OFF",
    "flow_meter_rotations": 0,
    "accessed": "2023-05-24 10:23:50.825081"
}
Successful call
{
    "pump_status": "Valve 2 ON",
    "flow_meter_rotations": 0,
    "accessed": "2023-05-24 10:23:52.227882"
}
Successful call
{
    "pump_status": "Valve 2 OFF",
    "flow_meter_rotations": 0,
    "accessed": "2023-05-24 10:23:59.607502"
}
Successful call
{
    "pump_status": "Valve 3 ON",
    "flow_meter_rotations": 0,
    "accessed": "2023-05-24 10:24:00.996684"
}
Successful call
{
    "pump_status": "Valve 3 OFF",
    "flow_meter_rotations": 0,
    "accessed": "2023-05-24 10:24:08.452005"
}
Successful call
{
    "pump_status": "End Water Cycle",
    "flow_meter_rotations": 0,
    "accessed": "2023-05-24 10:24:09.842589"
}
Successful call
{
    "pump_status": "Starting Water Cycle",
    "flow_meter_rotations": 0,
    "accessed": "2023-05-24 10:39:11.111331"
}
Successful call
{
    "pump_status": "Valve 1 ON",
    "flow_meter_rotations": 0,
    "accessed": "2023-05-24 10:39:11.606271"
}
Successful call
{
    "pump_status": "Valve 1 OFF",
    "flow_meter_rotations": 0,
    "accessed": "2023-05-24 10:39:18.999889"
}
Successful call
{
    "pump_status": "Valve 2 ON",
    "flow_meter_rotations": 0,
    "accessed": "2023-05-24 10:39:20.372690"
}
Successful call
{
    "pump_status": "Valve 2 OFF",
    "flow_meter_rotations": 0,
    "accessed": "2023-05-24 10:39:27.775656"
}
Successful call
{
    "pump_status": "Valve 3 ON",
    "flow_meter_rotations": 0,
    "accessed": "2023-05-24 10:39:29.140594"
}
Successful call
{
    "pump_status": "Valve 3 OFF",
    "flow_meter_rotations": 0,
    "accessed": "2023-05-24 10:39:36.556779"
}
Successful call
{
    "pump_status": "End Water Cycle",
    "flow_meter_rotations": 0,
    "accessed": "2023-05-24 10:39:37.976477"
}
Successful call
{
    "pump_status": "Starting Water Cycle",
    "flow_meter_rotations": 0,
    "accessed": "2023-05-24 10:54:39.390991"
}
Successful call
{
    "pump_status": "Valve 1 ON",
    "flow_meter_rotations": 0,
    "accessed": "2023-05-24 10:54:39.947750"
}
Successful call
{
    "pump_status": "Valve 1 OFF",
    "flow_meter_rotations": 0,
    "accessed": "2023-05-24 10:54:47.415169"
}
Successful call
{
    "pump_status": "Valve 2 ON",
    "flow_meter_rotations": 0,
    "accessed": "2023-05-24 10:54:48.775191"
}
Successful call
{
    "pump_status": "Valve 2 OFF",
    "flow_meter_rotations": 0,
    "accessed": "2023-05-24 10:54:56.195451"
}
Successful call
{
    "pump_status": "Valve 3 ON",
    "flow_meter_rotations": 0,
    "accessed": "2023-05-24 10:54:57.628207"
}
Successful call
{
    "pump_status": "Valve 3 OFF",
    "flow_meter_rotations": 0,
    "accessed": "2023-05-24 10:55:05.010903"
}
Successful call
{
    "pump_status": "End Water Cycle",
    "flow_meter_rotations": 0,
    "accessed": "2023-05-24 10:55:06.388931"
}
Successful call
{
    "pump_status": "Starting Water Cycle",
    "flow_meter_rotations": 0,
    "accessed": "2023-05-24 11:10:07.725756"
}
Successful call
{
    "pump_status": "Valve 1 ON",
    "flow_meter_rotations": 0,
    "accessed": "2023-05-24 11:10:08.225503"
}
Successful call
{
    "pump_status": "Valve 1 OFF",
    "flow_meter_rotations": 0,
    "accessed": "2023-05-24 11:10:15.579218"
}
Successful call
{
    "pump_status": "Valve 2 ON",
    "flow_meter_rotations": 0,
    "accessed": "2023-05-24 11:10:16.975272"
}
Successful call
{
    "pump_status": "Valve 2 OFF",
    "flow_meter_rotations": 0,
    "accessed": "2023-05-24 11:10:24.352964"
}
Successful call
{
    "pump_status": "Valve 3 ON",
    "flow_meter_rotations": 0,
    "accessed": "2023-05-24 11:10:26.151075"
}
Successful call
{
    "pump_status": "Valve 3 OFF",
    "flow_meter_rotations": 0,
    "accessed": "2023-05-24 11:10:33.902478"
}
Successful call
{
    "pump_status": "End Water Cycle",
    "flow_meter_rotations": 0,
    "accessed": "2023-05-24 11:10:35.316305"
}
Successful call
{
    "pump_status": "Starting Water Cycle",
    "flow_meter_rotations": 0,
    "accessed": "2023-05-24 11:25:36.611408"
}
Successful call
{
    "pump_status": "Valve 1 ON",
    "flow_meter_rotations": 0,
    "accessed": "2023-05-24 11:25:37.033376"
}
Successful call
{
    "pump_status": "Valve 1 OFF",
    "flow_meter_rotations": 0,
    "accessed": "2023-05-24 11:25:44.425313"
}
Successful call
{
    "pump_status": "Valve 2 ON",
    "flow_meter_rotations": 0,
    "accessed": "2023-05-24 11:25:45.846665"
}
Successful call
{
    "pump_status": "Valve 2 OFF",
    "flow_meter_rotations": 0,
    "accessed": "2023-05-24 11:25:53.234545"
}
Successful call
{
    "pump_status": "Valve 3 ON",
    "flow_meter_rotations": 0,
    "accessed": "2023-05-24 11:25:54.708304"
}
Successful call
{
    "pump_status": "Valve 3 OFF",
    "flow_meter_rotations": 0,
    "accessed": "2023-05-24 11:26:02.092307"
}
Successful call
{
    "pump_status": "End Water Cycle",
    "flow_meter_rotations": 0,
    "accessed": "2023-05-24 11:26:03.510255"
}
Successful call
{
    "pump_status": "Starting Water Cycle",
    "flow_meter_rotations": 0,
    "accessed": "2023-05-24 11:41:06.361803"
}
Successful call
{
    "pump_status": "Valve 1 ON",
    "flow_meter_rotations": 0,
    "accessed": "2023-05-24 11:41:06.812363"
}
Successful call
{
    "pump_status": "Valve 1 OFF",
    "flow_meter_rotations": 0,
    "accessed": "2023-05-24 11:41:14.198158"
}
Successful call
{
    "pump_status": "Valve 2 ON",
    "flow_meter_rotations": 0,
    "accessed": "2023-05-24 11:41:15.572825"
}
Successful call
{
    "pump_status": "Valve 2 OFF",
    "flow_meter_rotations": 0,
    "accessed": "2023-05-24 11:41:23.009731"
}
Successful call
{
    "pump_status": "Valve 3 ON",
    "flow_meter_rotations": 0,
    "accessed": "2023-05-24 11:41:24.403466"
}
Successful call
{
    "pump_status": "Valve 3 OFF",
    "flow_meter_rotations": 0,
    "accessed": "2023-05-24 11:41:32.167709"
}
Successful call
{
    "pump_status": "End Water Cycle",
    "flow_meter_rotations": 0,
    "accessed": "2023-05-24 11:41:33.546268"
}
Successful call
{
    "pump_status": "Starting Water Cycle",
    "flow_meter_rotations": 0,
    "accessed": "2023-05-24 11:56:35.859900"
}
Successful call
{
    "pump_status": "Valve 1 ON",
    "flow_meter_rotations": 0,
    "accessed": "2023-05-24 11:56:36.265259"
}
Successful call
{
    "pump_status": "Valve 1 OFF",
    "flow_meter_rotations": 0,
    "accessed": "2023-05-24 11:56:43.650549"
}
Successful call
{
    "pump_status": "Valve 2 ON",
    "flow_meter_rotations": 0,
    "accessed": "2023-05-24 11:56:45.047395"
}
Successful call
{
    "pump_status": "Valve 2 OFF",
    "flow_meter_rotations": 0,
    "accessed": "2023-05-24 11:56:52.432292"
}
Successful call
{
    "pump_status": "Valve 3 ON",
    "flow_meter_rotations": 0,
    "accessed": "2023-05-24 11:56:53.802923"
}
Successful call
{
    "pump_status": "Valve 3 OFF",
    "flow_meter_rotations": 0,
    "accessed": "2023-05-24 11:57:01.219429"
}
Successful call
{
    "pump_status": "End Water Cycle",
    "flow_meter_rotations": 0,
    "accessed": "2023-05-24 11:57:02.620315"
}
Successful call
{
    "pump_status": "Starting Water Cycle",
    "flow_meter_rotations": 0,
    "accessed": "2023-05-24 12:12:03.914621"
}
Successful call
{
    "pump_status": "Valve 1 ON",
    "flow_meter_rotations": 0,
    "accessed": "2023-05-24 12:12:04.512765"
}
Successful call
{
    "pump_status": "Valve 1 OFF",
    "flow_meter_rotations": 0,
    "accessed": "2023-05-24 12:12:11.867358"
}
Successful call
{
    "pump_status": "Valve 2 ON",
    "flow_meter_rotations": 0,
    "accessed": "2023-05-24 12:12:13.236345"
}
Successful call
{
    "pump_status": "Valve 2 OFF",
    "flow_meter_rotations": 0,
    "accessed": "2023-05-24 12:12:20.615322"
}
Successful call
{
    "pump_status": "Valve 3 ON",
    "flow_meter_rotations": 0,
    "accessed": "2023-05-24 12:12:21.992148"
}
Successful call
{
    "pump_status": "Valve 3 OFF",
    "flow_meter_rotations": 0,
    "accessed": "2023-05-24 12:12:29.394038"
}
Successful call
{
    "pump_status": "End Water Cycle",
    "flow_meter_rotations": 0,
    "accessed": "2023-05-24 12:12:30.852691"
}
Successful call
{
    "pump_status": "Starting Water Cycle",
    "flow_meter_rotations": 0,
    "accessed": "2023-05-24 12:27:32.068995"
}
Successful call
{
    "pump_status": "Valve 1 ON",
    "flow_meter_rotations": 0,
    "accessed": "2023-05-24 12:27:32.560023"
}
Successful call
{
    "pump_status": "Valve 1 OFF",
    "flow_meter_rotations": 0,
    "accessed": "2023-05-24 12:27:39.935298"
}
Successful call
{
    "pump_status": "Valve 2 ON",
    "flow_meter_rotations": 0,
    "accessed": "2023-05-24 12:27:41.403918"
}
Successful call
{
    "pump_status": "Valve 2 OFF",
    "flow_meter_rotations": 0,
    "accessed": "2023-05-24 12:27:48.834910"
}
Successful call
{
    "pump_status": "Valve 3 ON",
    "flow_meter_rotations": 0,
    "accessed": "2023-05-24 12:27:50.200695"
}
Successful call
{
    "pump_status": "Valve 3 OFF",
    "flow_meter_rotations": 0,
    "accessed": "2023-05-24 12:27:57.601980"
}
Successful call
{
    "pump_status": "End Water Cycle",
    "flow_meter_rotations": 0,
    "accessed": "2023-05-24 12:27:58.997320"
}
Successful call
{
    "pump_status": "Starting Water Cycle",
    "flow_meter_rotations": 0,
    "accessed": "2023-05-24 12:43:00.288524"
}
Successful call
{
    "pump_status": "Valve 1 ON",
    "flow_meter_rotations": 0,
    "accessed": "2023-05-24 12:43:00.690727"
}
Successful call
{
    "pump_status": "Valve 1 OFF",
    "flow_meter_rotations": 0,
    "accessed": "2023-05-24 12:43:08.069687"
}
Successful call
{
    "pump_status": "Valve 2 ON",
    "flow_meter_rotations": 0,
    "accessed": "2023-05-24 12:43:09.465327"
}
Successful call
{
    "pump_status": "Valve 2 OFF",
    "flow_meter_rotations": 0,
    "accessed": "2023-05-24 12:43:16.864615"
}
Successful call
{
    "pump_status": "Valve 3 ON",
    "flow_meter_rotations": 0,
    "accessed": "2023-05-24 12:43:18.227159"
}
Successful call
{
    "pump_status": "Valve 3 OFF",
    "flow_meter_rotations": 0,
    "accessed": "2023-05-24 12:43:25.599884"
}
Successful call
{
    "pump_status": "End Water Cycle",
    "flow_meter_rotations": 0,
    "accessed": "2023-05-24 12:43:27.471251"
}
Successful call
{
    "pump_status": "Starting Water Cycle",
    "flow_meter_rotations": 0,
    "accessed": "2023-05-24 12:58:28.974958"
}
Successful call
{
    "pump_status": "Valve 1 ON",
    "flow_meter_rotations": 0,
    "accessed": "2023-05-24 12:58:29.417812"
}
Successful call
{
    "pump_status": "Valve 1 OFF",
    "flow_meter_rotations": 0,
    "accessed": "2023-05-24 12:58:36.832969"
}
Successful call
{
    "pump_status": "Valve 2 ON",
    "flow_meter_rotations": 0,
    "accessed": "2023-05-24 12:58:38.204749"
}
Successful call
{
    "pump_status": "Valve 2 OFF",
    "flow_meter_rotations": 0,
    "accessed": "2023-05-24 12:58:45.579263"
}
Successful call
{
    "pump_status": "Valve 3 ON",
    "flow_meter_rotations": 0,
    "accessed": "2023-05-24 12:58:46.955269"
}
Successful call
{
    "pump_status": "Valve 3 OFF",
    "flow_meter_rotations": 0,
    "accessed": "2023-05-24 12:58:54.350979"
}
Successful call
{
    "pump_status": "End Water Cycle",
    "flow_meter_rotations": 0,
    "accessed": "2023-05-24 12:58:55.719606"
}
Successful call
{
    "pump_status": "Starting Water Cycle",
    "flow_meter_rotations": 0,
    "accessed": "2023-05-24 13:13:56.911958"
}
Successful call
{
    "pump_status": "Valve 1 ON",
    "flow_meter_rotations": 0,
    "accessed": "2023-05-24 13:13:57.586769"
}
Successful call
{
    "pump_status": "Valve 1 OFF",
    "flow_meter_rotations": 0,
    "accessed": "2023-05-24 13:14:05.109359"
}
Successful call
{
    "pump_status": "Valve 2 ON",
    "flow_meter_rotations": 0,
    "accessed": "2023-05-24 13:14:06.540453"
}
Successful call
{
    "pump_status": "Valve 2 OFF",
    "flow_meter_rotations": 0,
    "accessed": "2023-05-24 13:14:13.939407"
}
Successful call
{
    "pump_status": "Valve 3 ON",
    "flow_meter_rotations": 0,
    "accessed": "2023-05-24 13:14:15.317283"
}
Successful call
{
    "pump_status": "Valve 3 OFF",
    "flow_meter_rotations": 0,
    "accessed": "2023-05-24 13:14:22.698667"
}
Successful call
{
    "pump_status": "End Water Cycle",
    "flow_meter_rotations": 0,
    "accessed": "2023-05-24 13:14:24.067460"
}
Successful call
{
    "pump_status": "Starting Water Cycle",
    "flow_meter_rotations": 0,
    "accessed": "2023-05-24 13:29:27.053426"
}
Successful call
{
    "pump_status": "Valve 1 ON",
    "flow_meter_rotations": 0,
    "accessed": "2023-05-24 13:29:28.753788"
}
Successful call
{
    "pump_status": "Valve 1 OFF",
    "flow_meter_rotations": 0,
    "accessed": "2023-05-24 13:29:36.073511"
}
Successful call
{
    "pump_status": "Valve 2 ON",
    "flow_meter_rotations": 0,
    "accessed": "2023-05-24 13:29:37.446656"
}
Successful call
{
    "pump_status": "Valve 2 OFF",
    "flow_meter_rotations": 0,
    "accessed": "2023-05-24 13:29:44.849013"
}
Successful call
{
    "pump_status": "Valve 3 ON",
    "flow_meter_rotations": 0,
    "accessed": "2023-05-24 13:29:46.252070"
}
Successful call
{
    "pump_status": "Valve 3 OFF",
    "flow_meter_rotations": 0,
    "accessed": "2023-05-24 13:29:53.673878"
}
Successful call
{
    "pump_status": "End Water Cycle",
    "flow_meter_rotations": 0,
    "accessed": "2023-05-24 13:29:55.045774"
}
Successful call
{
    "pump_status": "Starting Water Cycle",
    "flow_meter_rotations": 0,
    "accessed": "2023-05-24 13:44:56.380858"
}
Successful call
{
    "pump_status": "Valve 1 ON",
    "flow_meter_rotations": 0,
    "accessed": "2023-05-24 13:44:56.802047"
}
Successful call
{
    "pump_status": "Valve 1 OFF",
    "flow_meter_rotations": 0,
    "accessed": "2023-05-24 13:45:04.198918"
}
Successful call
{
    "pump_status": "Valve 2 ON",
    "flow_meter_rotations": 0,
    "accessed": "2023-05-24 13:45:05.589881"
}
Successful call
{
    "pump_status": "Valve 2 OFF",
    "flow_meter_rotations": 0,
    "accessed": "2023-05-24 13:45:12.967257"
}
Successful call
{
    "pump_status": "Valve 3 ON",
    "flow_meter_rotations": 0,
    "accessed": "2023-05-24 13:45:14.356370"
}
Successful call
{
    "pump_status": "Valve 3 OFF",
    "flow_meter_rotations": 0,
    "accessed": "2023-05-24 13:45:21.734266"
}
Successful call
{
    "pump_status": "End Water Cycle",
    "flow_meter_rotations": 0,
    "accessed": "2023-05-24 13:45:23.107687"
}
Successful call
{
    "pump_status": "Starting Water Cycle",
    "flow_meter_rotations": 0,
    "accessed": "2023-05-24 14:00:24.318153"
}
Successful call
{
    "pump_status": "Valve 1 ON",
    "flow_meter_rotations": 0,
    "accessed": "2023-05-24 14:00:25.138178"
}
Successful call
{
    "pump_status": "Valve 1 OFF",
    "flow_meter_rotations": 0,
    "accessed": "2023-05-24 14:00:32.840509"
}
Successful call
{
    "pump_status": "Valve 2 ON",
    "flow_meter_rotations": 0,
    "accessed": "2023-05-24 14:00:34.218594"
}
Successful call
{
    "pump_status": "Valve 2 OFF",
    "flow_meter_rotations": 0,
    "accessed": "2023-05-24 14:00:41.618446"
}
Successful call
{
    "pump_status": "Valve 3 ON",
    "flow_meter_rotations": 0,
    "accessed": "2023-05-24 14:00:42.980370"
}
Successful call
{
    "pump_status": "Valve 3 OFF",
    "flow_meter_rotations": 0,
    "accessed": "2023-05-24 14:00:50.354386"
}
Successful call
{
    "pump_status": "End Water Cycle",
    "flow_meter_rotations": 0,
    "accessed": "2023-05-24 14:00:51.733392"
}
Successful call
{
    "pump_status": "Starting Water Cycle",
    "flow_meter_rotations": 0,
    "accessed": "2023-05-24 14:15:53.026099"
}
Successful call
{
    "pump_status": "Valve 1 ON",
    "flow_meter_rotations": 0,
    "accessed": "2023-05-24 14:15:53.408667"
}
Successful call
{
    "pump_status": "Valve 1 OFF",
    "flow_meter_rotations": 0,
    "accessed": "2023-05-24 14:16:00.811980"
}
Successful call
{
    "pump_status": "Valve 2 ON",
    "flow_meter_rotations": 0,
    "accessed": "2023-05-24 14:16:02.172129"
}
Successful call
{
    "pump_status": "Valve 2 OFF",
    "flow_meter_rotations": 0,
    "accessed": "2023-05-24 14:16:09.555208"
}
Successful call
{
    "pump_status": "Valve 3 ON",
    "flow_meter_rotations": 0,
    "accessed": "2023-05-24 14:16:10.942201"
}
Successful call
{
    "pump_status": "Valve 3 OFF",
    "flow_meter_rotations": 0,
    "accessed": "2023-05-24 14:16:18.316033"
}
Successful call
{
    "pump_status": "End Water Cycle",
    "flow_meter_rotations": 0,
    "accessed": "2023-05-24 14:16:19.681737"
}
Successful call
{
    "pump_status": "Starting Water Cycle",
    "flow_meter_rotations": 0,
    "accessed": "2023-05-24 14:31:20.998419"
}
Successful call
{
    "pump_status": "Valve 1 ON",
    "flow_meter_rotations": 0,
    "accessed": "2023-05-24 14:31:21.428260"
}
Successful call
{
    "pump_status": "Valve 1 OFF",
    "flow_meter_rotations": 0,
    "accessed": "2023-05-24 14:31:28.770046"
}
Successful call
{
    "pump_status": "Valve 2 ON",
    "flow_meter_rotations": 0,
    "accessed": "2023-05-24 14:31:30.148770"
}
Successful call
{
    "pump_status": "Valve 2 OFF",
    "flow_meter_rotations": 0,
    "accessed": "2023-05-24 14:31:37.614934"
}
Successful call
{
    "pump_status": "Valve 3 ON",
    "flow_meter_rotations": 0,
    "accessed": "2023-05-24 14:31:39.002783"
}
Successful call
{
    "pump_status": "Valve 3 OFF",
    "flow_meter_rotations": 0,
    "accessed": "2023-05-24 14:31:46.371956"
}
Successful call
{
    "pump_status": "End Water Cycle",
    "flow_meter_rotations": 0,
    "accessed": "2023-05-24 14:31:47.746846"
}
Successful call
{
    "pump_status": "Starting Water Cycle",
    "flow_meter_rotations": 0,
    "accessed": "2023-05-24 14:46:49.130562"
}
Successful call
{
    "pump_status": "Valve 1 ON",
    "flow_meter_rotations": 0,
    "accessed": "2023-05-24 14:46:49.495727"
}
Successful call
{
    "pump_status": "Valve 1 OFF",
    "flow_meter_rotations": 0,
    "accessed": "2023-05-24 14:46:56.894589"
}
Successful call
{
    "pump_status": "Valve 2 ON",
    "flow_meter_rotations": 0,
    "accessed": "2023-05-24 14:46:58.261124"
}
Successful call
{
    "pump_status": "Valve 2 OFF",
    "flow_meter_rotations": 0,
    "accessed": "2023-05-24 14:47:05.666920"
}
Successful call
{
    "pump_status": "Valve 3 ON",
    "flow_meter_rotations": 0,
    "accessed": "2023-05-24 14:47:07.055929"
}
Successful call
{
    "pump_status": "Valve 3 OFF",
    "flow_meter_rotations": 0,
    "accessed": "2023-05-24 14:47:14.453263"
}
Successful call
{
    "pump_status": "End Water Cycle",
    "flow_meter_rotations": 0,
    "accessed": "2023-05-24 14:47:15.826318"
}
Successful call
{
    "pump_status": "Starting Water Cycle",
    "flow_meter_rotations": 0,
    "accessed": "2023-05-24 15:02:17.158186"
}
Successful call
{
    "pump_status": "Valve 1 ON",
    "flow_meter_rotations": 0,
    "accessed": "2023-05-24 15:02:17.591949"
}
Successful call
{
    "pump_status": "Valve 1 OFF",
    "flow_meter_rotations": 0,
    "accessed": "2023-05-24 15:02:24.956965"
}
Successful call
{
    "pump_status": "Valve 2 ON",
    "flow_meter_rotations": 0,
    "accessed": "2023-05-24 15:02:26.540950"
}
Successful call
{
    "pump_status": "Valve 2 OFF",
    "flow_meter_rotations": 0,
    "accessed": "2023-05-24 15:02:34.471203"
}
Successful call
{
    "pump_status": "Valve 3 ON",
    "flow_meter_rotations": 0,
    "accessed": "2023-05-24 15:02:35.842248"
}
Successful call
{
    "pump_status": "Valve 3 OFF",
    "flow_meter_rotations": 0,
    "accessed": "2023-05-24 15:02:43.223346"
}
Successful call
{
    "pump_status": "End Water Cycle",
    "flow_meter_rotations": 0,
    "accessed": "2023-05-24 15:02:44.585084"
}
Successful call
{
    "pump_status": "Starting Water Cycle",
    "flow_meter_rotations": 0,
    "accessed": "2023-05-24 15:17:45.871446"
}
Successful call
{
    "pump_status": "Valve 1 ON",
    "flow_meter_rotations": 0,
    "accessed": "2023-05-24 15:17:46.252179"
}
Successful call
{
    "pump_status": "Valve 1 OFF",
    "flow_meter_rotations": 0,
    "accessed": "2023-05-24 15:17:53.606124"
}
Successful call
{
    "pump_status": "Valve 2 ON",
    "flow_meter_rotations": 0,
    "accessed": "2023-05-24 15:17:54.988529"
}
Successful call
{
    "pump_status": "Valve 2 OFF",
    "flow_meter_rotations": 0,
    "accessed": "2023-05-24 15:18:02.363254"
}
Successful call
{
    "pump_status": "Valve 3 ON",
    "flow_meter_rotations": 0,
    "accessed": "2023-05-24 15:18:03.763052"
}
Successful call
{
    "pump_status": "Valve 3 OFF",
    "flow_meter_rotations": 0,
    "accessed": "2023-05-24 15:18:11.157819"
}
Successful call
{
    "pump_status": "End Water Cycle",
    "flow_meter_rotations": 0,
    "accessed": "2023-05-24 15:18:12.641614"
}
Successful call
{
    "pump_status": "Starting Water Cycle",
    "flow_meter_rotations": 0,
    "accessed": "2023-05-24 15:33:13.986808"
}
Successful call
{
    "pump_status": "Valve 1 ON",
    "flow_meter_rotations": 0,
    "accessed": "2023-05-24 15:33:14.415836"
}
Successful call
{
    "pump_status": "Valve 1 OFF",
    "flow_meter_rotations": 0,
    "accessed": "2023-05-24 15:33:21.765915"
}
Successful call
{
    "pump_status": "Valve 2 ON",
    "flow_meter_rotations": 0,
    "accessed": "2023-05-24 15:33:23.135005"
}
Successful call
{
    "pump_status": "Valve 2 OFF",
    "flow_meter_rotations": 0,
    "accessed": "2023-05-24 15:33:30.517242"
}
Successful call
{
    "pump_status": "Valve 3 ON",
    "flow_meter_rotations": 0,
    "accessed": "2023-05-24 15:33:31.884660"
}
Successful call
{
    "pump_status": "Valve 3 OFF",
    "flow_meter_rotations": 0,
    "accessed": "2023-05-24 15:33:39.357428"
}
Successful call
{
    "pump_status": "End Water Cycle",
    "flow_meter_rotations": 0,
    "accessed": "2023-05-24 15:33:40.753481"
}
Successful call
{
    "pump_status": "Starting Water Cycle",
    "flow_meter_rotations": 0,
    "accessed": "2023-05-24 15:48:42.108135"
}
Successful call
{
    "pump_status": "Valve 1 ON",
    "flow_meter_rotations": 0,
    "accessed": "2023-05-24 15:48:42.548971"
}
Successful call
{
    "pump_status": "Valve 1 OFF",
    "flow_meter_rotations": 0,
    "accessed": "2023-05-24 15:48:49.942170"
}
Successful call
{
    "pump_status": "Valve 2 ON",
    "flow_meter_rotations": 0,
    "accessed": "2023-05-24 15:48:51.330760"
}
Successful call
{
    "pump_status": "Valve 2 OFF",
    "flow_meter_rotations": 0,
    "accessed": "2023-05-24 15:48:58.713239"
}
Successful call
{
    "pump_status": "Valve 3 ON",
    "flow_meter_rotations": 0,
    "accessed": "2023-05-24 15:49:00.078592"
}
Successful call
{
    "pump_status": "Valve 3 OFF",
    "flow_meter_rotations": 0,
    "accessed": "2023-05-24 15:49:07.632752"
}
Successful call
{
    "pump_status": "End Water Cycle",
    "flow_meter_rotations": 0,
    "accessed": "2023-05-24 15:49:09.023905"
}
Successful call
{
    "pump_status": "Starting Water Cycle",
    "flow_meter_rotations": 0,
    "accessed": "2023-05-24 16:04:10.302083"
}
Successful call
{
    "pump_status": "Valve 1 ON",
    "flow_meter_rotations": 0,
    "accessed": "2023-05-24 16:04:10.744663"
}
Successful call
{
    "pump_status": "Valve 1 OFF",
    "flow_meter_rotations": 0,
    "accessed": "2023-05-24 16:04:18.145405"
}
Successful call
{
    "pump_status": "Valve 2 ON",
    "flow_meter_rotations": 0,
    "accessed": "2023-05-24 16:04:19.578968"
}
Successful call
{
    "pump_status": "Valve 2 OFF",
    "flow_meter_rotations": 0,
    "accessed": "2023-05-24 16:04:26.940095"
}
Successful call
{
    "pump_status": "Valve 3 ON",
    "flow_meter_rotations": 0,
    "accessed": "2023-05-24 16:04:29.342255"
}
Successful call
{
    "pump_status": "Valve 3 OFF",
    "flow_meter_rotations": 0,
    "accessed": "2023-05-24 16:04:36.691426"
}
Successful call
{
    "pump_status": "End Water Cycle",
    "flow_meter_rotations": 0,
    "accessed": "2023-05-24 16:04:38.063284"
}
Successful call
{
    "pump_status": "Starting Water Cycle",
    "flow_meter_rotations": 0,
    "accessed": "2023-05-24 16:19:41.595201"
}
Successful call
{
    "pump_status": "Valve 1 ON",
    "flow_meter_rotations": 0,
    "accessed": "2023-05-24 16:19:41.959523"
}
Successful call
{
    "pump_status": "Valve 1 OFF",
    "flow_meter_rotations": 0,
    "accessed": "2023-05-24 16:19:49.359153"
}
Successful call
{
    "pump_status": "Valve 2 ON",
    "flow_meter_rotations": 0,
    "accessed": "2023-05-24 16:19:50.740464"
}
Successful call
{
    "pump_status": "Valve 2 OFF",
    "flow_meter_rotations": 0,
    "accessed": "2023-05-24 16:19:58.145490"
}
Successful call
{
    "pump_status": "Valve 3 ON",
    "flow_meter_rotations": 0,
    "accessed": "2023-05-24 16:19:59.522855"
}
Successful call
{
    "pump_status": "Valve 3 OFF",
    "flow_meter_rotations": 0,
    "accessed": "2023-05-24 16:20:06.886014"
}
Successful call
{
    "pump_status": "End Water Cycle",
    "flow_meter_rotations": 0,
    "accessed": "2023-05-24 16:20:08.250458"
}
Successful call
{
    "pump_status": "Starting Water Cycle",
    "flow_meter_rotations": 0,
    "accessed": "2023-05-24 16:35:09.508240"
}
Successful call
{
    "pump_status": "Valve 1 ON",
    "flow_meter_rotations": 0,
    "accessed": "2023-05-24 16:35:09.907626"
}
Successful call
{
    "pump_status": "Valve 1 OFF",
    "flow_meter_rotations": 0,
    "accessed": "2023-05-24 16:35:17.267591"
}
Successful call
{
    "pump_status": "Valve 2 ON",
    "flow_meter_rotations": 0,
    "accessed": "2023-05-24 16:35:18.670612"
}
Successful call
{
    "pump_status": "Valve 2 OFF",
    "flow_meter_rotations": 0,
    "accessed": "2023-05-24 16:35:26.054497"
}
Successful call
{
    "pump_status": "Valve 3 ON",
    "flow_meter_rotations": 0,
    "accessed": "2023-05-24 16:35:27.833550"
}
Successful call
{
    "pump_status": "Valve 3 OFF",
    "flow_meter_rotations": 0,
    "accessed": "2023-05-24 16:35:35.294781"
}
Successful call
{
    "pump_status": "End Water Cycle",
    "flow_meter_rotations": 0,
    "accessed": "2023-05-24 16:35:36.665882"
}
Successful call
{
    "pump_status": "Starting Water Cycle",
    "flow_meter_rotations": 0,
    "accessed": "2023-05-24 16:50:38.005625"
}
Successful call
{
    "pump_status": "Valve 1 ON",
    "flow_meter_rotations": 0,
    "accessed": "2023-05-24 16:50:38.397035"
}
Successful call
{
    "pump_status": "Valve 1 OFF",
    "flow_meter_rotations": 0,
    "accessed": "2023-05-24 16:50:45.791096"
}
Successful call
{
    "pump_status": "Valve 2 ON",
    "flow_meter_rotations": 0,
    "accessed": "2023-05-24 16:50:47.211380"
}
Successful call
{
    "pump_status": "Valve 2 OFF",
    "flow_meter_rotations": 0,
    "accessed": "2023-05-24 16:50:54.593586"
}
Successful call
{
    "pump_status": "Valve 3 ON",
    "flow_meter_rotations": 0,
    "accessed": "2023-05-24 16:50:55.984254"
}
Successful call
{
    "pump_status": "Valve 3 OFF",
    "flow_meter_rotations": 0,
    "accessed": "2023-05-24 16:51:03.362616"
}
Successful call
{
    "pump_status": "End Water Cycle",
    "flow_meter_rotations": 0,
    "accessed": "2023-05-24 16:51:04.725739"
}
Successful call
{
    "pump_status": "Starting Water Cycle",
    "flow_meter_rotations": 0,
    "accessed": "2023-05-24 17:06:06.049892"
}
Successful call
{
    "pump_status": "Valve 1 ON",
    "flow_meter_rotations": 0,
    "accessed": "2023-05-24 17:06:06.439293"
}
Successful call
{
    "pump_status": "Valve 1 OFF",
    "flow_meter_rotations": 0,
    "accessed": "2023-05-24 17:06:13.788108"
}
Successful call
{
    "pump_status": "Valve 2 ON",
    "flow_meter_rotations": 0,
    "accessed": "2023-05-24 17:06:15.166574"
}
Successful call
{
    "pump_status": "Valve 2 OFF",
    "flow_meter_rotations": 0,
    "accessed": "2023-05-24 17:06:22.547848"
}
Successful call
{
    "pump_status": "Valve 3 ON",
    "flow_meter_rotations": 0,
    "accessed": "2023-05-24 17:06:23.942193"
}
Successful call
{
    "pump_status": "Valve 3 OFF",
    "flow_meter_rotations": 0,
    "accessed": "2023-05-24 17:06:31.566579"
}
Successful call
{
    "pump_status": "End Water Cycle",
    "flow_meter_rotations": 0,
    "accessed": "2023-05-24 17:06:32.988070"
}
Successful call
{
    "pump_status": "Starting Water Cycle",
    "flow_meter_rotations": 0,
    "accessed": "2023-05-24 17:21:34.316728"
}
Successful call
{
    "pump_status": "Valve 1 ON",
    "flow_meter_rotations": 0,
    "accessed": "2023-05-24 17:21:34.755106"
}
Successful call
{
    "pump_status": "Valve 1 OFF",
    "flow_meter_rotations": 0,
    "accessed": "2023-05-24 17:21:42.092667"
}
Successful call
{
    "pump_status": "Valve 2 ON",
    "flow_meter_rotations": 0,
    "accessed": "2023-05-24 17:21:43.464803"
}
Successful call
{
    "pump_status": "Valve 2 OFF",
    "flow_meter_rotations": 0,
    "accessed": "2023-05-24 17:21:50.839105"
}
Successful call
{
    "pump_status": "Valve 3 ON",
    "flow_meter_rotations": 0,
    "accessed": "2023-05-24 17:21:52.204159"
}
Successful call
{
    "pump_status": "Valve 3 OFF",
    "flow_meter_rotations": 0,
    "accessed": "2023-05-24 17:21:59.619610"
}
Successful call
{
    "pump_status": "End Water Cycle",
    "flow_meter_rotations": 0,
    "accessed": "2023-05-24 17:22:00.986911"
}
Successful call
{
    "pump_status": "Starting Water Cycle",
    "flow_meter_rotations": 0,
    "accessed": "2023-05-24 17:37:02.242532"
}
Successful call
{
    "pump_status": "Valve 1 ON",
    "flow_meter_rotations": 0,
    "accessed": "2023-05-24 17:37:02.708726"
}
Successful call
{
    "pump_status": "Valve 1 OFF",
    "flow_meter_rotations": 0,
    "accessed": "2023-05-24 17:37:10.079221"
}
Successful call
{
    "pump_status": "Valve 2 ON",
    "flow_meter_rotations": 0,
    "accessed": "2023-05-24 17:37:11.478326"
}
Successful call
{
    "pump_status": "Valve 2 OFF",
    "flow_meter_rotations": 0,
    "accessed": "2023-05-24 17:37:18.891062"
}
Successful call
{
    "pump_status": "Valve 3 ON",
    "flow_meter_rotations": 0,
    "accessed": "2023-05-24 17:37:20.264942"
}
Successful call
{
    "pump_status": "Valve 3 OFF",
    "flow_meter_rotations": 0,
    "accessed": "2023-05-24 17:37:27.641550"
}
Successful call
{
    "pump_status": "End Water Cycle",
    "flow_meter_rotations": 0,
    "accessed": "2023-05-24 17:37:29.356091"
}
Successful call
{
    "pump_status": "Starting Water Cycle",
    "flow_meter_rotations": 0,
    "accessed": "2023-05-24 17:52:30.683377"
}
Successful call
{
    "pump_status": "Valve 1 ON",
    "flow_meter_rotations": 0,
    "accessed": "2023-05-24 17:52:31.105866"
}
Successful call
{
    "pump_status": "Valve 1 OFF",
    "flow_meter_rotations": 0,
    "accessed": "2023-05-24 17:52:38.464942"
}
Successful call
{
    "pump_status": "Valve 2 ON",
    "flow_meter_rotations": 0,
    "accessed": "2023-05-24 17:52:39.882713"
}
Successful call
{
    "pump_status": "Valve 2 OFF",
    "flow_meter_rotations": 0,
    "accessed": "2023-05-24 17:52:47.319396"
}
Successful call
{
    "pump_status": "Valve 3 ON",
    "flow_meter_rotations": 0,
    "accessed": "2023-05-24 17:52:48.808319"
}
Successful call
{
    "pump_status": "Valve 3 OFF",
    "flow_meter_rotations": 0,
    "accessed": "2023-05-24 17:52:56.548169"
}
Successful call
{
    "pump_status": "End Water Cycle",
    "flow_meter_rotations": 0,
    "accessed": "2023-05-24 17:52:57.995700"
}
Successful call
{
    "pump_status": "Starting Water Cycle",
    "flow_meter_rotations": 0,
    "accessed": "2023-05-24 18:07:59.480062"
}
Successful call
{
    "pump_status": "Valve 1 ON",
    "flow_meter_rotations": 0,
    "accessed": "2023-05-24 18:07:59.980231"
}
Successful call
{
    "pump_status": "Valve 1 OFF",
    "flow_meter_rotations": 0,
    "accessed": "2023-05-24 18:08:07.558783"
}
Successful call
{
    "pump_status": "Valve 2 ON",
    "flow_meter_rotations": 0,
    "accessed": "2023-05-24 18:08:08.969634"
}
Successful call
{
    "pump_status": "Valve 2 OFF",
    "flow_meter_rotations": 0,
    "accessed": "2023-05-24 18:08:16.392375"
}
Successful call
{
    "pump_status": "Valve 3 ON",
    "flow_meter_rotations": 0,
    "accessed": "2023-05-24 18:08:17.765210"
}
Successful call
{
    "pump_status": "Valve 3 OFF",
    "flow_meter_rotations": 0,
    "accessed": "2023-05-24 18:08:25.127106"
}
Successful call
{
    "pump_status": "End Water Cycle",
    "flow_meter_rotations": 0,
    "accessed": "2023-05-24 18:08:26.894802"
}
Successful call
{
    "pump_status": "Starting Water Cycle",
    "flow_meter_rotations": 0,
    "accessed": "2023-05-24 18:23:28.610693"
}
Successful call
{
    "pump_status": "Valve 1 ON",
    "flow_meter_rotations": 0,
    "accessed": "2023-05-24 18:23:29.017803"
}
Successful call
{
    "pump_status": "Valve 1 OFF",
    "flow_meter_rotations": 0,
    "accessed": "2023-05-24 18:23:36.389246"
}
Successful call
{
    "pump_status": "Valve 2 ON",
    "flow_meter_rotations": 0,
    "accessed": "2023-05-24 18:23:37.792153"
}
Successful call
{
    "pump_status": "Valve 2 OFF",
    "flow_meter_rotations": 0,
    "accessed": "2023-05-24 18:23:45.190883"
}
Successful call
{
    "pump_status": "Valve 3 ON",
    "flow_meter_rotations": 0,
    "accessed": "2023-05-24 18:23:46.578142"
}
Successful call
{
    "pump_status": "Valve 3 OFF",
    "flow_meter_rotations": 0,
    "accessed": "2023-05-24 18:23:53.995818"
}
Successful call
{
    "pump_status": "End Water Cycle",
    "flow_meter_rotations": 0,
    "accessed": "2023-05-24 18:23:55.366705"
}
Successful call
{
    "pump_status": "Starting Water Cycle",
    "flow_meter_rotations": 0,
    "accessed": "2023-05-24 18:38:56.708368"
}
Successful call
{
    "pump_status": "Valve 1 ON",
    "flow_meter_rotations": 0,
    "accessed": "2023-05-24 18:38:57.137859"
}
Successful call
{
    "pump_status": "Valve 1 OFF",
    "flow_meter_rotations": 0,
    "accessed": "2023-05-24 18:39:04.549450"
}
Successful call
{
    "pump_status": "Valve 2 ON",
    "flow_meter_rotations": 0,
    "accessed": "2023-05-24 18:39:06.105337"
}
Successful call
{
    "pump_status": "Valve 2 OFF",
    "flow_meter_rotations": 0,
    "accessed": "2023-05-24 18:39:13.490091"
}
Successful call
{
    "pump_status": "Valve 3 ON",
    "flow_meter_rotations": 0,
    "accessed": "2023-05-24 18:39:14.861164"
}
Successful call
{
    "pump_status": "Valve 3 OFF",
    "flow_meter_rotations": 0,
    "accessed": "2023-05-24 18:39:22.243002"
}
Successful call
{
    "pump_status": "End Water Cycle",
    "flow_meter_rotations": 0,
    "accessed": "2023-05-24 18:39:23.635588"
}
Successful call
{
    "pump_status": "Starting Water Cycle",
    "flow_meter_rotations": 0,
    "accessed": "2023-05-24 18:54:24.954650"
}
Successful call
{
    "pump_status": "Valve 1 ON",
    "flow_meter_rotations": 0,
    "accessed": "2023-05-24 18:54:25.768860"
}
Successful call
{
    "pump_status": "Valve 1 OFF",
    "flow_meter_rotations": 0,
    "accessed": "2023-05-24 18:54:33.440795"
}
Successful call
{
    "pump_status": "Valve 2 ON",
    "flow_meter_rotations": 0,
    "accessed": "2023-05-24 18:54:34.875559"
}
Successful call
{
    "pump_status": "Valve 2 OFF",
    "flow_meter_rotations": 0,
    "accessed": "2023-05-24 18:54:42.254679"
}
Successful call
{
    "pump_status": "Valve 3 ON",
    "flow_meter_rotations": 0,
    "accessed": "2023-05-24 18:54:43.627659"
}
Successful call
{
    "pump_status": "Valve 3 OFF",
    "flow_meter_rotations": 0,
    "accessed": "2023-05-24 18:54:50.984367"
}
Successful call
{
    "pump_status": "End Water Cycle",
    "flow_meter_rotations": 0,
    "accessed": "2023-05-24 18:54:52.428982"
}
Successful call
{
    "pump_status": "Starting Water Cycle",
    "flow_meter_rotations": 0,
    "accessed": "2023-05-24 19:09:53.682710"
}
Successful call
{
    "pump_status": "Valve 1 ON",
    "flow_meter_rotations": 0,
    "accessed": "2023-05-24 19:09:54.133171"
}
Successful call
{
    "pump_status": "Valve 1 OFF",
    "flow_meter_rotations": 0,
    "accessed": "2023-05-24 19:10:01.566280"
}
Successful call
{
    "pump_status": "Valve 2 ON",
    "flow_meter_rotations": 0,
    "accessed": "2023-05-24 19:10:02.967525"
}
Successful call
{
    "pump_status": "Valve 2 OFF",
    "flow_meter_rotations": 0,
    "accessed": "2023-05-24 19:10:10.372098"
}
Successful call
{
    "pump_status": "Valve 3 ON",
    "flow_meter_rotations": 0,
    "accessed": "2023-05-24 19:10:11.755531"
}
Successful call
{
    "pump_status": "Valve 3 OFF",
    "flow_meter_rotations": 0,
    "accessed": "2023-05-24 19:10:19.146584"
}
Successful call
{
    "pump_status": "End Water Cycle",
    "flow_meter_rotations": 0,
    "accessed": "2023-05-24 19:10:21.543374"
}
Successful call
{
    "pump_status": "Starting Water Cycle",
    "flow_meter_rotations": 0,
    "accessed": "2023-05-24 19:25:23.867144"
}
Successful call
{
    "pump_status": "Valve 1 ON",
    "flow_meter_rotations": 0,
    "accessed": "2023-05-24 19:25:24.299572"
}
Successful call
{
    "pump_status": "Valve 1 OFF",
    "flow_meter_rotations": 0,
    "accessed": "2023-05-24 19:25:32.199466"
}
Successful call
{
    "pump_status": "Valve 2 ON",
    "flow_meter_rotations": 0,
    "accessed": "2023-05-24 19:25:33.874108"
}
Successful call
{
    "pump_status": "Valve 2 OFF",
    "flow_meter_rotations": 0,
    "accessed": "2023-05-24 19:25:41.253826"
}
Successful call
{
    "pump_status": "Valve 3 ON",
    "flow_meter_rotations": 0,
    "accessed": "2023-05-24 19:25:42.630013"
}
Successful call
{
    "pump_status": "Valve 3 OFF",
    "flow_meter_rotations": 0,
    "accessed": "2023-05-24 19:25:50.020820"
}
Successful call
{
    "pump_status": "End Water Cycle",
    "flow_meter_rotations": 0,
    "accessed": "2023-05-24 19:25:51.402507"
}
Successful call
{
    "pump_status": "Starting Water Cycle",
    "flow_meter_rotations": 0,
    "accessed": "2023-05-24 19:40:52.693679"
}
Successful call
{
    "pump_status": "Valve 1 ON",
    "flow_meter_rotations": 0,
    "accessed": "2023-05-24 19:40:53.163602"
}
Successful call
{
    "pump_status": "Valve 1 OFF",
    "flow_meter_rotations": 0,
    "accessed": "2023-05-24 19:41:00.548989"
}
Successful call
{
    "pump_status": "Valve 2 ON",
    "flow_meter_rotations": 0,
    "accessed": "2023-05-24 19:41:01.948142"
}
Successful call
{
    "pump_status": "Valve 2 OFF",
    "flow_meter_rotations": 0,
    "accessed": "2023-05-24 19:41:09.326464"
}
Successful call
{
    "pump_status": "Valve 3 ON",
    "flow_meter_rotations": 0,
    "accessed": "2023-05-24 19:41:10.893284"
}
Successful call
{
    "pump_status": "Valve 3 OFF",
    "flow_meter_rotations": 0,
    "accessed": "2023-05-24 19:41:18.316501"
}
Successful call
{
    "pump_status": "End Water Cycle",
    "flow_meter_rotations": 0,
    "accessed": "2023-05-24 19:41:19.700411"
}
Successful call
{
    "pump_status": "Starting Water Cycle",
    "flow_meter_rotations": 0,
    "accessed": "2023-05-24 19:56:21.030316"
}
Successful call
{
    "pump_status": "Valve 1 ON",
    "flow_meter_rotations": 0,
    "accessed": "2023-05-24 19:56:21.429293"
}
Successful call
{
    "pump_status": "Valve 1 OFF",
    "flow_meter_rotations": 0,
    "accessed": "2023-05-24 19:56:28.842436"
}
Successful call
{
    "pump_status": "Valve 2 ON",
    "flow_meter_rotations": 0,
    "accessed": "2023-05-24 19:56:30.238428"
}
Successful call
{
    "pump_status": "Valve 2 OFF",
    "flow_meter_rotations": 0,
    "accessed": "2023-05-24 19:56:37.610565"
}
Successful call
{
    "pump_status": "Valve 3 ON",
    "flow_meter_rotations": 0,
    "accessed": "2023-05-24 19:56:38.997418"
}
Successful call
{
    "pump_status": "Valve 3 OFF",
    "flow_meter_rotations": 0,
    "accessed": "2023-05-24 19:56:46.382446"
}
Successful call
{
    "pump_status": "End Water Cycle",
    "flow_meter_rotations": 0,
    "accessed": "2023-05-24 19:56:47.744463"
}
Successful call
{
    "pump_status": "Starting Water Cycle",
    "flow_meter_rotations": 0,
    "accessed": "2023-05-24 20:11:48.998115"
}
Successful call
{
    "pump_status": "Valve 1 ON",
    "flow_meter_rotations": 0,
    "accessed": "2023-05-24 20:11:49.523570"
}
Successful call
{
    "pump_status": "Valve 1 OFF",
    "flow_meter_rotations": 0,
    "accessed": "2023-05-24 20:11:56.929692"
}
Successful call
{
    "pump_status": "Valve 2 ON",
    "flow_meter_rotations": 0,
    "accessed": "2023-05-24 20:11:58.355507"
}
Successful call
{
    "pump_status": "Valve 2 OFF",
    "flow_meter_rotations": 0,
    "accessed": "2023-05-24 20:12:05.762657"
}
Successful call
{
    "pump_status": "Valve 3 ON",
    "flow_meter_rotations": 0,
    "accessed": "2023-05-24 20:12:07.140558"
}
Successful call
{
    "pump_status": "Valve 3 OFF",
    "flow_meter_rotations": 0,
    "accessed": "2023-05-24 20:12:14.504708"
}
Successful call
{
    "pump_status": "End Water Cycle",
    "flow_meter_rotations": 0,
    "accessed": "2023-05-24 20:12:15.944596"
}
Successful call
{
    "pump_status": "Starting Water Cycle",
    "flow_meter_rotations": 0,
    "accessed": "2023-05-24 20:27:17.247120"
}
Successful call
{
    "pump_status": "Valve 1 ON",
    "flow_meter_rotations": 0,
    "accessed": "2023-05-24 20:27:17.677902"
}
Successful call
{
    "pump_status": "Valve 1 OFF",
    "flow_meter_rotations": 0,
    "accessed": "2023-05-24 20:27:25.100637"
}
Successful call
{
    "pump_status": "Valve 2 ON",
    "flow_meter_rotations": 0,
    "accessed": "2023-05-24 20:27:31.484199"
}
Successful call
{
    "pump_status": "Valve 2 OFF",
    "flow_meter_rotations": 0,
    "accessed": "2023-05-24 20:27:38.861988"
}
Successful call
{
    "pump_status": "Valve 3 ON",
    "flow_meter_rotations": 0,
    "accessed": "2023-05-24 20:27:40.224504"
}
Successful call
{
    "pump_status": "Valve 3 OFF",
    "flow_meter_rotations": 0,
    "accessed": "2023-05-24 20:27:47.620011"
}
Successful call
{
    "pump_status": "End Water Cycle",
    "flow_meter_rotations": 0,
    "accessed": "2023-05-24 20:27:49.007735"
}
Successful call
{
    "pump_status": "Starting Water Cycle",
    "flow_meter_rotations": 0,
    "accessed": "2023-05-24 20:42:50.346265"
}
Successful call
{
    "pump_status": "Valve 1 ON",
    "flow_meter_rotations": 0,
    "accessed": "2023-05-24 20:42:50.800094"
}
Successful call
{
    "pump_status": "Valve 1 OFF",
    "flow_meter_rotations": 0,
    "accessed": "2023-05-24 20:42:58.126442"
}
Successful call
{
    "pump_status": "Valve 2 ON",
    "flow_meter_rotations": 0,
    "accessed": "2023-05-24 20:42:59.513283"
}
Successful call
{
    "pump_status": "Valve 2 OFF",
    "flow_meter_rotations": 0,
    "accessed": "2023-05-24 20:43:06.896898"
}
Successful call
{
    "pump_status": "Valve 3 ON",
    "flow_meter_rotations": 0,
    "accessed": "2023-05-24 20:43:08.289800"
}
Successful call
{
    "pump_status": "Valve 3 OFF",
    "flow_meter_rotations": 0,
    "accessed": "2023-05-24 20:43:15.658479"
}
Successful call
{
    "pump_status": "End Water Cycle",
    "flow_meter_rotations": 0,
    "accessed": "2023-05-24 20:43:17.057259"
}
Successful call
{
    "pump_status": "Starting Water Cycle",
    "flow_meter_rotations": 0,
    "accessed": "2023-05-24 20:58:18.390520"
}
Successful call
{
    "pump_status": "Valve 1 ON",
    "flow_meter_rotations": 0,
    "accessed": "2023-05-24 20:58:18.809584"
}
Successful call
{
    "pump_status": "Valve 1 OFF",
    "flow_meter_rotations": 0,
    "accessed": "2023-05-24 20:58:26.217808"
}
Successful call
{
    "pump_status": "Valve 2 ON",
    "flow_meter_rotations": 0,
    "accessed": "2023-05-24 20:58:27.926745"
}
Successful call
{
    "pump_status": "Valve 2 OFF",
    "flow_meter_rotations": 0,
    "accessed": "2023-05-24 20:58:36.313555"
}
Successful call
{
    "pump_status": "Valve 3 ON",
    "flow_meter_rotations": 0,
    "accessed": "2023-05-24 20:58:37.682752"
}
Successful call
{
    "pump_status": "Valve 3 OFF",
    "flow_meter_rotations": 0,
    "accessed": "2023-05-24 20:58:45.109886"
}
Successful call
{
    "pump_status": "End Water Cycle",
    "flow_meter_rotations": 0,
    "accessed": "2023-05-24 20:58:46.483354"
}
Successful call
{
    "pump_status": "Starting Water Cycle",
    "flow_meter_rotations": 0,
    "accessed": "2023-05-24 21:10:38.557473"
}
Successful call
{
    "pump_status": "Valve 1 ON",
    "flow_meter_rotations": 0,
    "accessed": "2023-05-24 21:10:38.925512"
}
Successful call
{
    "pump_status": "Valve 1 OFF",
    "flow_meter_rotations": 0,
    "accessed": "2023-05-24 21:10:46.319745"
}
Successful call
{
    "pump_status": "Valve 2 ON",
    "flow_meter_rotations": 0,
    "accessed": "2023-05-24 21:10:48.035481"
}
Successful call
