{
    "soil_1_wet": 2,
    "soil_2_wet": 0,
    "soil_3_wet": "",
    "soil_4_wet": "",
    "soil_5_wet": "",
    "tds": 1.4,
    "ph": 3.93,
    "accessed": "2023-05-24 00:14:22.142663"
}
Successful call
{
    "soil_1_wet": 2,
    "soil_2_wet": 0,
    "soil_3_wet": "",
    "soil_4_wet": "",
    "soil_5_wet": "",
    "tds": 1.4,
    "ph": 3.939,
    "accessed": "2023-05-24 00:44:24.280728"
}
Successful call
{
    "soil_1_wet": 2,
    "soil_2_wet": 0,
    "soil_3_wet": "",
    "soil_4_wet": "",
    "soil_5_wet": "",
    "tds": 1.4,
    "ph": 3.939,
    "accessed": "2023-05-24 01:14:26.715179"
}
Successful call
{
    "soil_1_wet": 2,
    "soil_2_wet": 0,
    "soil_3_wet": "",
    "soil_4_wet": "",
    "soil_5_wet": "",
    "tds": 1.4,
    "ph": 3.939,
    "accessed": "2023-05-24 01:44:30.264137"
}
Successful call
{
    "soil_1_wet": 2,
    "soil_2_wet": 0,
    "soil_3_wet": "",
    "soil_4_wet": "",
    "soil_5_wet": "",
    "tds": 1.4,
    "ph": 3.941,
    "accessed": "2023-05-24 02:14:32.661861"
}
Successful call
{
    "soil_1_wet": 2,
    "soil_2_wet": 0,
    "soil_3_wet": "",
    "soil_4_wet": "",
    "soil_5_wet": "",
    "tds": 1.4,
    "ph": 3.943,
    "accessed": "2023-05-24 02:44:35.152319"
}
Successful call
{
    "soil_1_wet": 2,
    "soil_2_wet": 0,
    "soil_3_wet": "",
    "soil_4_wet": "",
    "soil_5_wet": "",
    "tds": 0.0,
    "ph": 3.946,
    "accessed": "2023-05-24 03:14:37.785215"
}
Successful call
{
    "soil_1_wet": 2,
    "soil_2_wet": 0,
    "soil_3_wet": "",
    "soil_4_wet": "",
    "soil_5_wet": "",
    "tds": 1.4,
    "ph": 3.946,
    "accessed": "2023-05-24 03:44:40.576700"
}
Successful call
{
    "soil_1_wet": 2,
    "soil_2_wet": 0,
    "soil_3_wet": "",
    "soil_4_wet": "",
    "soil_5_wet": "",
    "tds": 1.4,
    "ph": 3.949,
    "accessed": "2023-05-24 04:14:43.331951"
}
Successful call
{
    "soil_1_wet": 2,
    "soil_2_wet": 0,
    "soil_3_wet": "",
    "soil_4_wet": "",
    "soil_5_wet": "",
    "tds": 0.0,
    "ph": 3.946,
    "accessed": "2023-05-24 04:44:46.083002"
}
Successful call
{
    "soil_1_wet": 2,
    "soil_2_wet": 0,
    "soil_3_wet": "",
    "soil_4_wet": "",
    "soil_5_wet": "",
    "tds": 0.0,
    "ph": 3.95,
    "accessed": "2023-05-24 05:14:48.988113"
}
Successful call
{
    "soil_1_wet": 2,
    "soil_2_wet": 0,
    "soil_3_wet": "",
    "soil_4_wet": "",
    "soil_5_wet": "",
    "tds": 0.0,
    "ph": 3.952,
    "accessed": "2023-05-24 05:44:51.847775"
}
Successful call
{
    "soil_1_wet": 2,
    "soil_2_wet": 0,
    "soil_3_wet": "",
    "soil_4_wet": "",
    "soil_5_wet": "",
    "tds": 0.0,
    "ph": 3.95,
    "accessed": "2023-05-24 06:14:54.577256"
}
Successful call
{
    "soil_1_wet": 2,
    "soil_2_wet": 0,
    "soil_3_wet": "",
    "soil_4_wet": "",
    "soil_5_wet": "",
    "tds": 1.4,
    "ph": 3.949,
    "accessed": "2023-05-24 06:44:57.502168"
}
Successful call
{
    "soil_1_wet": 2,
    "soil_2_wet": 0,
    "soil_3_wet": "",
    "soil_4_wet": "",
    "soil_5_wet": "",
    "tds": 1.4,
    "ph": 3.951,
    "accessed": "2023-05-24 07:15:00.346215"
}
Successful call
{
    "soil_1_wet": 2,
    "soil_2_wet": 0,
    "soil_3_wet": "",
    "soil_4_wet": "",
    "soil_5_wet": "",
    "tds": 1.4,
    "ph": 3.949,
    "accessed": "2023-05-24 07:45:03.144893"
}
Successful call
{
    "soil_1_wet": 2,
    "soil_2_wet": 0,
    "soil_3_wet": "",
    "soil_4_wet": "",
    "soil_5_wet": "",
    "tds": 1.4,
    "ph": 3.946,
    "accessed": "2023-05-24 08:15:05.933940"
}
Successful call
{
    "soil_1_wet": 2,
    "soil_2_wet": 0,
    "soil_3_wet": "",
    "soil_4_wet": "",
    "soil_5_wet": "",
    "tds": 0.0,
    "ph": 3.947,
    "accessed": "2023-05-24 08:45:08.703542"
}
Successful call
{
    "soil_1_wet": 2,
    "soil_2_wet": 0,
    "soil_3_wet": "",
    "soil_4_wet": "",
    "soil_5_wet": "",
    "tds": 1.4,
    "ph": 3.946,
    "accessed": "2023-05-24 09:15:11.654645"
}
Successful call
{
    "soil_1_wet": 2,
    "soil_2_wet": 0,
    "soil_3_wet": "",
    "soil_4_wet": "",
    "soil_5_wet": "",
    "tds": 0.0,
    "ph": 3.944,
    "accessed": "2023-05-24 09:45:14.429934"
}
Successful call
{
    "soil_1_wet": 2,
    "soil_2_wet": 0,
    "soil_3_wet": "",
    "soil_4_wet": "",
    "soil_5_wet": "",
    "tds": 1.4,
    "ph": 3.945,
    "accessed": "2023-05-24 10:15:17.339195"
}
Successful call
{
    "soil_1_wet": 2,
    "soil_2_wet": 0,
    "soil_3_wet": "",
    "soil_4_wet": "",
    "soil_5_wet": "",
    "tds": 1.4,
    "ph": 3.944,
    "accessed": "2023-05-24 10:45:19.960740"
}
Successful call
{
    "soil_1_wet": 2,
    "soil_2_wet": 0,
    "soil_3_wet": "",
    "soil_4_wet": "",
    "soil_5_wet": "",
    "tds": 0.0,
    "ph": 3.943,
    "accessed": "2023-05-24 11:15:22.472050"
}
Successful call
{
    "soil_1_wet": 2,
    "soil_2_wet": 0,
    "soil_3_wet": "",
    "soil_4_wet": "",
    "soil_5_wet": "",
    "tds": 1.4,
    "ph": 3.939,
    "accessed": "2023-05-24 11:45:25.082083"
}
Successful call
{
    "soil_1_wet": 2,
    "soil_2_wet": 0,
    "soil_3_wet": "",
    "soil_4_wet": "",
    "soil_5_wet": "",
    "tds": 0.0,
    "ph": 3.938,
    "accessed": "2023-05-24 12:15:27.565493"
}
Successful call
{
    "soil_1_wet": 2,
    "soil_2_wet": 0,
    "soil_3_wet": "",
    "soil_4_wet": "",
    "soil_5_wet": "",
    "tds": 0.0,
    "ph": 3.932,
    "accessed": "2023-05-24 12:45:29.616839"
}
Successful call
{
    "soil_1_wet": 2,
    "soil_2_wet": 0,
    "soil_3_wet": "",
    "soil_4_wet": "",
    "soil_5_wet": "",
    "tds": 0.0,
    "ph": 3.933,
    "accessed": "2023-05-24 13:15:31.577473"
}
Successful call
{
    "soil_1_wet": 2,
    "soil_2_wet": 0,
    "soil_3_wet": "",
    "soil_4_wet": "",
    "soil_5_wet": "",
    "tds": 0.0,
    "ph": 3.928,
    "accessed": "2023-05-24 13:45:33.539257"
}
Successful call
{
    "soil_1_wet": 2,
    "soil_2_wet": 0,
    "soil_3_wet": "",
    "soil_4_wet": "",
    "soil_5_wet": "",
    "tds": 0.0,
    "ph": 3.926,
    "accessed": "2023-05-24 14:15:35.314956"
}
Successful call
{
    "soil_1_wet": 2,
    "soil_2_wet": 0,
    "soil_3_wet": "",
    "soil_4_wet": "",
    "soil_5_wet": "",
    "tds": 0.0,
    "ph": 3.927,
    "accessed": "2023-05-24 14:45:37.192287"
}
Successful call
{
    "soil_1_wet": 1,
    "soil_2_wet": 0,
    "soil_3_wet": "",
    "soil_4_wet": "",
    "soil_5_wet": "",
    "tds": 0.0,
    "ph": 3.927,
    "accessed": "2023-05-24 15:15:38.867860"
}
Successful call
{
    "soil_1_wet": 1,
    "soil_2_wet": 0,
    "soil_3_wet": "",
    "soil_4_wet": "",
    "soil_5_wet": "",
    "tds": 0.0,
    "ph": 3.927,
    "accessed": "2023-05-24 15:45:40.496292"
}
Successful call
{
    "soil_1_wet": 1,
    "soil_2_wet": 0,
    "soil_3_wet": "",
    "soil_4_wet": "",
    "soil_5_wet": "",
    "tds": 1.4,
    "ph": 3.927,
    "accessed": "2023-05-24 16:15:41.933702"
}
Successful call
{
    "soil_1_wet": 1,
    "soil_2_wet": 0,
    "soil_3_wet": "",
    "soil_4_wet": "",
    "soil_5_wet": "",
    "tds": 1.4,
    "ph": 3.923,
    "accessed": "2023-05-24 16:45:43.423677"
}
Successful call
{
    "soil_1_wet": 1,
    "soil_2_wet": 0,
    "soil_3_wet": "",
    "soil_4_wet": "",
    "soil_5_wet": "",
    "tds": 0.0,
    "ph": 3.921,
    "accessed": "2023-05-24 17:15:44.863929"
}
Successful call
{
    "soil_1_wet": 1,
    "soil_2_wet": 0,
    "soil_3_wet": "",
    "soil_4_wet": "",
    "soil_5_wet": "",
    "tds": 0.0,
    "ph": 3.923,
    "accessed": "2023-05-24 17:45:46.461749"
}
Successful call
{
    "soil_1_wet": 1,
    "soil_2_wet": 0,
    "soil_3_wet": "",
    "soil_4_wet": "",
    "soil_5_wet": "",
    "tds": 1.4,
    "ph": 3.924,
    "accessed": "2023-05-24 18:15:47.896513"
}
Successful call
{
    "soil_1_wet": 1,
    "soil_2_wet": 0,
    "soil_3_wet": "",
    "soil_4_wet": "",
    "soil_5_wet": "",
    "tds": 1.4,
    "ph": 3.925,
    "accessed": "2023-05-24 18:45:49.391213"
}
Successful call
{
    "soil_1_wet": 2,
    "soil_2_wet": 0,
    "soil_3_wet": "",
    "soil_4_wet": "",
    "soil_5_wet": "",
    "tds": 0.0,
    "ph": 3.936,
    "accessed": "2023-05-24 19:15:51.695585"
}
Successful call
{
    "soil_1_wet": 2,
    "soil_2_wet": 0,
    "soil_3_wet": "",
    "soil_4_wet": "",
    "soil_5_wet": "",
    "tds": 1.4,
    "ph": 3.942,
    "accessed": "2023-05-24 19:45:54.099036"
}
Successful call
{
    "soil_1_wet": 2,
    "soil_2_wet": 0,
    "soil_3_wet": "",
    "soil_4_wet": "",
    "soil_5_wet": "",
    "tds": 0.0,
    "ph": 3.943,
    "accessed": "2023-05-24 20:15:56.653002"
}
Successful call
{
    "soil_1_wet": 2,
    "soil_2_wet": 0,
    "soil_3_wet": "",
    "soil_4_wet": "",
    "soil_5_wet": "",
    "tds": 0.0,
    "ph": 3.943,
    "accessed": "2023-05-24 20:45:59.190756"
}
Successful call
{
    "soil_1_wet": 2,
    "soil_2_wet": 0,
    "soil_3_wet": "",
    "soil_4_wet": "",
    "soil_5_wet": "",
    "tds": 0.0,
    "ph": 3.935,
    "accessed": "2023-05-24 21:10:41.422854"
}
Successful call
